------Start of DE processing------ = [5/27/20, 14:48:09:783 EDT]
Exception = com.ibm.ws.rsadapter.exceptions.DataStoreAdapterException
Source = com.ibm.ejs.j2c.poolmanager.FreePool.createManagedConnectionWithMCWrapper
probeid = 199
Stack Dump = com.ibm.ws.rsadapter.exceptions.DataStoreAdapterException: DSRA8100E: Unable to get a XAConnection from the DataSource. with SQL State : 08001 SQL Code : 0
	at com.ibm.ws.rsadapter.impl.DatabaseHelper.getPooledConnection(DatabaseHelper.java:975)
	at com.ibm.ws.rsadapter.impl.WSManagedConnectionFactoryImpl.getConnection(WSManagedConnectionFactoryImpl.java:821)
	at com.ibm.ws.rsadapter.impl.WSManagedConnectionFactoryImpl.createManagedConnection(WSManagedConnectionFactoryImpl.java:662)
	at com.ibm.ejs.j2c.FreePool.createManagedConnectionWithMCWrapper(FreePool.java:1372)
	at com.ibm.ejs.j2c.FreePool.createOrWaitForConnection(FreePool.java:1246)
	at com.ibm.ejs.j2c.PoolManager.reserve(PoolManager.java:1465)
	at com.ibm.ejs.j2c.ConnectionManager.allocateMCWrapper(ConnectionManager.java:581)
	at com.ibm.ejs.j2c.ConnectionManager.allocateConnection(ConnectionManager.java:314)
	at com.ibm.ws.rsadapter.jdbc.WSJdbcDataSource.getConnection(WSJdbcDataSource.java:137)
	at com.ibm.ws.rsadapter.jdbc.WSJdbcDataSource.getConnection(WSJdbcDataSource.java:111)
	at org.example.app.PersonServiceWithJDBC.initPeople(PersonServiceWithJDBC.java:62)
	at jdk.internal.reflect.GeneratedMethodAccessor561.invoke(Unknown Source)
	at java.base/java.lang.reflect.Method.invoke(Method.java:566)
	at org.jboss.weld.interceptor.reader.SimpleInterceptorInvocation$SimpleMethodInvocation.invoke(SimpleInterceptorInvocation.java:76)
	at org.jboss.weld.interceptor.proxy.WeldInvocationContextImpl.invokeNext(WeldInvocationContextImpl.java:94)
	at org.jboss.weld.interceptor.proxy.WeldInvocationContextImpl.proceed(WeldInvocationContextImpl.java:124)
	at org.jboss.weld.interceptor.proxy.InterceptorMethodHandler.executeLifecycleInterception(InterceptorMethodHandler.java:78)
	at org.jboss.weld.interceptor.proxy.InterceptorMethodHandler.executeInterception(InterceptorMethodHandler.java:74)
	at org.jboss.weld.interceptor.proxy.InterceptorMethodHandler.invoke(InterceptorMethodHandler.java:48)
	at org.jboss.weld.bean.proxy.CombinedInterceptorAndDecoratorStackMethodHandler.invoke(CombinedInterceptorAndDecoratorStackMethodHandler.java:84)
	at org.jboss.weld.bean.proxy.CombinedInterceptorAndDecoratorStackMethodHandler.invoke(CombinedInterceptorAndDecoratorStackMethodHandler.java:61)
	at org.example.app.PersonServiceWithJDBC$Proxy$_$$_WeldSubclass.lifecycle_mixin_$$_postConstruct(Unknown Source)
	at org.jboss.weld.interceptor.util.InterceptionUtils.executePostConstruct(InterceptionUtils.java:44)
	at org.jboss.weld.interceptor.util.InterceptionUtils.executePostConstruct(InterceptionUtils.java:56)
	at org.jboss.weld.injection.producer.DefaultLifecycleCallbackInvoker.postConstruct(DefaultLifecycleCallbackInvoker.java:64)
	at org.jboss.weld.injection.producer.BasicInjectionTarget.postConstruct(BasicInjectionTarget.java:122)
	at org.jboss.weld.bean.ManagedBean.create(ManagedBean.java:164)
	at org.jboss.weld.contexts.AbstractContext.get(AbstractContext.java:96)
	at org.jboss.weld.bean.ContextualInstanceStrategy$DefaultContextualInstanceStrategy.get(ContextualInstanceStrategy.java:100)
	at org.jboss.weld.bean.ContextualInstanceStrategy$ApplicationScopedContextualInstanceStrategy.get(ContextualInstanceStrategy.java:140)
	at org.jboss.weld.bean.ContextualInstance.get(ContextualInstance.java:50)
	at org.jboss.weld.bean.proxy.ContextBeanInstance.getInstance(ContextBeanInstance.java:102)
	at org.jboss.weld.bean.proxy.ProxyMethodHandler.getInstance(ProxyMethodHandler.java:131)
	at org.example.app.PersonServiceWithJDBC$Proxy$_$$_WeldClientProxy.getAllPeople(Unknown Source)
	at jdk.internal.reflect.GeneratedMethodAccessor547.invoke(Unknown Source)
	at java.base/java.lang.reflect.Method.invoke(Method.java:566)
	at com.ibm.ws.jaxrs20.cdi.component.JaxRsFactoryImplicitBeanCDICustomizer.serviceInvoke(JaxRsFactoryImplicitBeanCDICustomizer.java:334)
	at com.ibm.ws.jaxrs20.server.LibertyJaxRsServerFactoryBean.performInvocation(LibertyJaxRsServerFactoryBean.java:641)
	at com.ibm.ws.jaxrs20.server.LibertyJaxRsInvoker.performInvocation(LibertyJaxRsInvoker.java:160)
	at org.apache.cxf.service.invoker.AbstractInvoker.invoke(AbstractInvoker.java:96)
	at com.ibm.ws.jaxrs20.server.LibertyJaxRsInvoker.invoke(LibertyJaxRsInvoker.java:273)
	at org.apache.cxf.jaxrs.JAXRSInvoker.invoke(JAXRSInvoker.java:210)
	at com.ibm.ws.jaxrs20.server.LibertyJaxRsInvoker.invoke(LibertyJaxRsInvoker.java:444)
	at org.apache.cxf.jaxrs.JAXRSInvoker.invoke(JAXRSInvoker.java:112)
	at org.apache.cxf.interceptor.ServiceInvokerInterceptor$1.run(ServiceInvokerInterceptor.java:61)
	at org.apache.cxf.interceptor.ServiceInvokerInterceptor.handleMessage(ServiceInvokerInterceptor.java:99)
	at org.apache.cxf.phase.PhaseInterceptorChain.doIntercept(PhaseInterceptorChain.java:316)
	at org.apache.cxf.transport.ChainInitiationObserver.onMessage(ChainInitiationObserver.java:123)
	at org.apache.cxf.transport.http.AbstractHTTPDestination.invoke(AbstractHTTPDestination.java:273)
	at com.ibm.ws.jaxrs20.endpoint.AbstractJaxRsWebEndpoint.invoke(AbstractJaxRsWebEndpoint.java:136)
	at com.ibm.websphere.jaxrs.server.IBMRestServlet.handleRequest(IBMRestServlet.java:146)
	at com.ibm.websphere.jaxrs.server.IBMRestServlet.doGet(IBMRestServlet.java:112)
	at javax.servlet.http.HttpServlet.service(HttpServlet.java:686)
	at com.ibm.websphere.jaxrs.server.IBMRestServlet.service(IBMRestServlet.java:96)
	at com.ibm.ws.webcontainer.servlet.ServletWrapper.service(ServletWrapper.java:1230)
	at com.ibm.ws.webcontainer.servlet.ServletWrapper.handleRequest(ServletWrapper.java:729)
	at com.ibm.ws.webcontainer.servlet.ServletWrapper.handleRequest(ServletWrapper.java:426)
	at com.ibm.ws.webcontainer.filter.WebAppFilterManager.invokeFilters(WebAppFilterManager.java:1226)
	at com.ibm.ws.webcontainer.webapp.WebApp.handleRequest(WebApp.java:5021)
	at com.ibm.ws.webcontainer.osgi.DynamicVirtualHost$2.handleRequest(DynamicVirtualHost.java:314)
	at com.ibm.ws.webcontainer.WebContainer.handleRequest(WebContainer.java:1007)
	at com.ibm.ws.webcontainer.osgi.DynamicVirtualHost$2.run(DynamicVirtualHost.java:279)
	at com.ibm.ws.http.dispatcher.internal.channel.HttpDispatcherLink$TaskWrapper.run(HttpDispatcherLink.java:1134)
	at com.ibm.ws.http.dispatcher.internal.channel.HttpDispatcherLink.wrapHandlerAndExecute(HttpDispatcherLink.java:415)
	at com.ibm.ws.http.dispatcher.internal.channel.HttpDispatcherLink.ready(HttpDispatcherLink.java:374)
	at com.ibm.ws.http.channel.internal.inbound.HttpInboundLink.handleDiscrimination(HttpInboundLink.java:551)
	at com.ibm.ws.http.channel.internal.inbound.HttpInboundLink.handleNewRequest(HttpInboundLink.java:484)
	at com.ibm.ws.http.channel.internal.inbound.HttpInboundLink.processRequest(HttpInboundLink.java:346)
	at com.ibm.ws.http.channel.internal.inbound.HttpInboundLink.ready(HttpInboundLink.java:317)
	at com.ibm.ws.tcpchannel.internal.NewConnectionInitialReadCallback.sendToDiscriminators(NewConnectionInitialReadCallback.java:167)
	at com.ibm.ws.tcpchannel.internal.NewConnectionInitialReadCallback.complete(NewConnectionInitialReadCallback.java:75)
	at com.ibm.ws.tcpchannel.internal.WorkQueueManager.requestComplete(WorkQueueManager.java:504)
	at com.ibm.ws.tcpchannel.internal.WorkQueueManager.attemptIO(WorkQueueManager.java:574)
	at com.ibm.ws.tcpchannel.internal.WorkQueueManager.workerRun(WorkQueueManager.java:958)
	at com.ibm.ws.tcpchannel.internal.WorkQueueManager$Worker.run(WorkQueueManager.java:1047)
	at com.ibm.ws.threading.internal.ExecutorServiceImpl$RunnableWrapper.run(ExecutorServiceImpl.java:239)
	at java.base/java.util.concurrent.ThreadPoolExecutor.runWorker(ThreadPoolExecutor.java:1128)
	at java.base/java.util.concurrent.ThreadPoolExecutor$Worker.run(ThreadPoolExecutor.java:628)
	at java.base/java.lang.Thread.run(Thread.java:834)
Caused by: java.sql.SQLException: Connection to localhost:5432 refused. Check that the hostname and port are correct and that the postmaster is accepting TCP/IP connections. DSRA0010E: SQL State = 08001, Error Code = 0
	at org.postgresql.core.v3.ConnectionFactoryImpl.openConnectionImpl(ConnectionFactoryImpl.java:280)
	at org.postgresql.core.ConnectionFactory.openConnection(ConnectionFactory.java:49)
	at org.postgresql.jdbc.PgConnection.<init>(PgConnection.java:195)
	at org.postgresql.Driver.makeConnection(Driver.java:458)
	at org.postgresql.Driver.connect(Driver.java:260)
	at java.sql.DriverManager.getConnection(DriverManager.java:677)
	at java.sql.DriverManager.getConnection(DriverManager.java:228)
	at org.postgresql.ds.common.BaseDataSource.getConnection(BaseDataSource.java:97)
	at org.postgresql.xa.PGXADataSource.getXAConnection(PGXADataSource.java:46)
	at org.postgresql.xa.PGXADataSource.getXAConnection(PGXADataSource.java:33)
	at com.ibm.ws.rsadapter.impl.DatabaseHelper$1.run(DatabaseHelper.java:955)
	at com.ibm.ws.rsadapter.impl.DatabaseHelper$1.run(DatabaseHelper.java:948)
	at java.base/java.security.AccessController.doPrivileged(AccessController.java:734)
	at com.ibm.ws.rsadapter.impl.DatabaseHelper.getPooledConnection(DatabaseHelper.java:948)
	... 78 more
Caused by: java.net.ConnectException: Connection refused (Connection refused)
	at java.base/java.net.PlainSocketImpl.socketConnect(Native Method)
	at java.base/java.net.AbstractPlainSocketImpl.doConnect(AbstractPlainSocketImpl.java:399)
	at java.base/java.net.AbstractPlainSocketImpl.connectToAddress(AbstractPlainSocketImpl.java:242)
	at java.base/java.net.AbstractPlainSocketImpl.connect(AbstractPlainSocketImpl.java:224)
	at java.base/java.net.SocksSocketImpl.connect(SocksSocketImpl.java:403)
	at java.base/java.net.Socket.connect(Socket.java:609)
	at org.postgresql.core.PGStream.<init>(PGStream.java:75)
	at org.postgresql.core.v3.ConnectionFactoryImpl.tryConnect(ConnectionFactoryImpl.java:91)
	at org.postgresql.core.v3.ConnectionFactoryImpl.openConnectionImpl(ConnectionFactoryImpl.java:192)
	... 91 more

Dump of callerThis
Object type = com.ibm.ejs.j2c.FreePool
  tc = class com.ibm.websphere.ras.TraceComponent@fdd20ffb
    strings[0] = "TraceComponent[com.ibm.ejs.j2c.FreePool,class com.ibm.ejs.j2c.FreePool,[WAS.j2c],com.ibm.ws.j2c.resources.J2CAMessages,null]"
  mcWrapperList = class com.ibm.ejs.j2c.MCWrapperList@86dc932b
    serialVersionUID = -4093886924342827512
    serialVersionUID = "/* Could not access serialVersionUID */"
    DEFAULT_CAPACITY = "/* Could not access DEFAULT_CAPACITY */"
    EMPTY_ELEMENTDATA = "/* Could not access EMPTY_ELEMENTDATA */"
    DEFAULTCAPACITY_EMPTY_ELEMENTDATA = "/* Could not access DEFAULTCAPACITY_EMPTY_ELEMENTDATA */"
    elementData = "/* Could not access elementData */"
    size = "/* Could not access size */"
    MAX_ARRAY_SIZE = "/* Could not access MAX_ARRAY_SIZE */"
    modCount = "/* Could not access modCount */"
    MAX_ARRAY_SIZE = "/* Could not access MAX_ARRAY_SIZE */"
  nl = "
"
  freeConnectionLockObject = 0
  pm = class com.ibm.ejs.j2c.PoolManager@93ff70a5
    tc = class com.ibm.websphere.ras.TraceComponent@91680ddf
      strings[0] = "TraceComponent[com.ibm.ejs.j2c.PoolManager,class com.ibm.ejs.j2c.PoolManager,[WAS.j2c],com.ibm.ws.j2c.resources.J2CAMessages,null]"
    alertResourceBundleName = "com.ibm.ws.j2c.resources.J2CAMessages"
    nl = "
"
    connectorSvc = class com.ibm.ejs.j2c.ConnectorServiceImpl@59b3e9a0
      tc = class com.ibm.websphere.ras.TraceComponent@8b7974f7
      authDataServiceRef = class com.ibm.wsspi.kernel.service.utils.AtomicServiceReference@f762c488
      classLoaderIdentifierService = class com.ibm.ws.classloading.internal.ClassLoadingServiceImpl@d015108e
      deferrableSchedXSvcRef = class com.ibm.wsspi.kernel.service.utils.AtomicServiceReference@fb4c720e
      execSvcRef = class com.ibm.wsspi.kernel.service.utils.AtomicServiceReference@2dddd01a
      nonDeferrableSchedXSvcRef = class com.ibm.wsspi.kernel.service.utils.AtomicServiceReference@70fc29ed
      rrsXAResFactorySvcRef = class com.ibm.wsspi.kernel.service.utils.AtomicServiceReference@cc3275
      transactionManager = class com.ibm.ws.transaction.services.TransactionManagerService@7996ec5b
      variableRegistrySvcRef = class com.ibm.wsspi.kernel.service.utils.AtomicServiceReference@e99a7d22
      tc = class com.ibm.websphere.ras.TraceComponent@2fd52054
      NLS = class com.ibm.ejs.ras.TraceNLS@5dd46e70
    gConfigProps = class com.ibm.ejs.j2c.J2CGlobalConfigProperties@49d7d47d
    reaperThreadStarted = false
    taskTimerLockObject = 0
    waitSkip = 0
    displayInfiniteWaitMessage = false
    tlsArrayLists = class java.util.concurrent.ConcurrentHashMap@feaf8742
      serialVersionUID = "/* Could not access serialVersionUID */"
      MAXIMUM_CAPACITY = "/* Could not access MAXIMUM_CAPACITY */"
      DEFAULT_CAPACITY = "/* Could not access DEFAULT_CAPACITY */"
      MAX_ARRAY_SIZE = "/* Could not access MAX_ARRAY_SIZE */"
      DEFAULT_CONCURRENCY_LEVEL = "/* Could not access DEFAULT_CONCURRENCY_LEVEL */"
      LOAD_FACTOR = "/* Could not access LOAD_FACTOR */"
      TREEIFY_THRESHOLD = "/* Could not access TREEIFY_THRESHOLD */"
      UNTREEIFY_THRESHOLD = "/* Could not access UNTREEIFY_THRESHOLD */"
      MIN_TREEIFY_CAPACITY = "/* Could not access MIN_TREEIFY_CAPACITY */"
      MIN_TRANSFER_STRIDE = "/* Could not access MIN_TRANSFER_STRIDE */"
      RESIZE_STAMP_BITS = "/* Could not access RESIZE_STAMP_BITS */"
      MAX_RESIZERS = "/* Could not access MAX_RESIZERS */"
      RESIZE_STAMP_SHIFT = "/* Could not access RESIZE_STAMP_SHIFT */"
      MOVED = "/* Could not access MOVED */"
      TREEBIN = "/* Could not access TREEBIN */"
      RESERVED = "/* Could not access RESERVED */"
      HASH_BITS = "/* Could not access HASH_BITS */"
      NCPU = "/* Could not access NCPU */"
      serialPersistentFields = "/* Could not access serialPersistentFields */"
      table = "/* Could not access table */"
      nextTable = "/* Could not access nextTable */"
      baseCount = "/* Could not access baseCount */"
      sizeCtl = "/* Could not access sizeCtl */"
      transferIndex = "/* Could not access transferIndex */"
      cellsBusy = "/* Could not access cellsBusy */"
      counterCells = "/* Could not access counterCells */"
      keySet = "/* Could not access keySet */"
      values = "/* Could not access values */"
      entrySet = "/* Could not access entrySet */"
      U = "/* Could not access U */"
      SIZECTL = "/* Could not access SIZECTL */"
      TRANSFERINDEX = "/* Could not access TRANSFERINDEX */"
      BASECOUNT = "/* Could not access BASECOUNT */"
      CELLSBUSY = "/* Could not access CELLSBUSY */"
      CELLVALUE = "/* Could not access CELLVALUE */"
      ABASE = "/* Could not access ABASE */"
      ASHIFT = "/* Could not access ASHIFT */"
      keySet = "/* Could not access keySet */"
      values = "/* Could not access values */"
    sharedPool = class com.ibm.ejs.j2c.SharedPool[200]
      SharedPool[0] = class com.ibm.ejs.j2c.SharedPool@b33ff894
      SharedPool[1] = class com.ibm.ejs.j2c.SharedPool@505ec4a6
      SharedPool[2] = class com.ibm.ejs.j2c.SharedPool@7aa07aa0
      SharedPool[3] = class com.ibm.ejs.j2c.SharedPool@42bfa661
      SharedPool[4] = class com.ibm.ejs.j2c.SharedPool@57df1a37
      SharedPool[5] = class com.ibm.ejs.j2c.SharedPool@1708edb6
      SharedPool[6] = class com.ibm.ejs.j2c.SharedPool@1bc07a29
      SharedPool[7] = class com.ibm.ejs.j2c.SharedPool@e3a48c59
      SharedPool[8] = class com.ibm.ejs.j2c.SharedPool@f99c1c86
      SharedPool[9] = class com.ibm.ejs.j2c.SharedPool@477b4dee
      SharedPool[10] = class com.ibm.ejs.j2c.SharedPool@4f24cbc9
      SharedPool[11] = class com.ibm.ejs.j2c.SharedPool@12661f52
      SharedPool[12] = class com.ibm.ejs.j2c.SharedPool@8c3fe4fd
      SharedPool[13] = class com.ibm.ejs.j2c.SharedPool@309c5bea
      SharedPool[14] = class com.ibm.ejs.j2c.SharedPool@a50918f2
      SharedPool[15] = class com.ibm.ejs.j2c.SharedPool@f76503fa
      SharedPool[16] = class com.ibm.ejs.j2c.SharedPool@aa0c97dd
      SharedPool[17] = class com.ibm.ejs.j2c.SharedPool@d430dfce
      SharedPool[18] = class com.ibm.ejs.j2c.SharedPool@27a2633a
      SharedPool[19] = class com.ibm.ejs.j2c.SharedPool@2ce7853f
      SharedPool[20] = class com.ibm.ejs.j2c.SharedPool@d51804eb
      SharedPool[21] = class com.ibm.ejs.j2c.SharedPool@67785679
      SharedPool[22] = class com.ibm.ejs.j2c.SharedPool@ce5ba3a2
      SharedPool[23] = class com.ibm.ejs.j2c.SharedPool@d0b39c20
      SharedPool[24] = class com.ibm.ejs.j2c.SharedPool@6dcb5e84
      SharedPool[25] = class com.ibm.ejs.j2c.SharedPool@336addd1
      SharedPool[26] = class com.ibm.ejs.j2c.SharedPool@6be088ac
      SharedPool[27] = class com.ibm.ejs.j2c.SharedPool@d301ff4e
      SharedPool[28] = class com.ibm.ejs.j2c.SharedPool@6e291d90
      SharedPool[29] = class com.ibm.ejs.j2c.SharedPool@1852be83
      SharedPool[30] = class com.ibm.ejs.j2c.SharedPool@e305e90b
      SharedPool[31] = class com.ibm.ejs.j2c.SharedPool@a71b8471
      SharedPool[32] = class com.ibm.ejs.j2c.SharedPool@2886dfa7
      SharedPool[33] = class com.ibm.ejs.j2c.SharedPool@5dfbd92b
      SharedPool[34] = class com.ibm.ejs.j2c.SharedPool@ab59be42
      SharedPool[35] = class com.ibm.ejs.j2c.SharedPool@81362a9a
      SharedPool[36] = class com.ibm.ejs.j2c.SharedPool@30db55d6
      SharedPool[37] = class com.ibm.ejs.j2c.SharedPool@18eee482
      SharedPool[38] = class com.ibm.ejs.j2c.SharedPool@39c38441
      SharedPool[39] = class com.ibm.ejs.j2c.SharedPool@524a5848
      SharedPool[40] = class com.ibm.ejs.j2c.SharedPool@577fb7e
      SharedPool[41] = class com.ibm.ejs.j2c.SharedPool@34868f89
      SharedPool[42] = class com.ibm.ejs.j2c.SharedPool@1792e32
      SharedPool[43] = class com.ibm.ejs.j2c.SharedPool@d3dad995
      SharedPool[44] = class com.ibm.ejs.j2c.SharedPool@52814b63
      SharedPool[45] = class com.ibm.ejs.j2c.SharedPool@1bf05679
      SharedPool[46] = class com.ibm.ejs.j2c.SharedPool@94f705ef
      SharedPool[47] = class com.ibm.ejs.j2c.SharedPool@c8a6def4
      SharedPool[48] = class com.ibm.ejs.j2c.SharedPool@5ad7f57d
      SharedPool[49] = class com.ibm.ejs.j2c.SharedPool@ae3329a
      SharedPool[50] = class com.ibm.ejs.j2c.SharedPool@1eea00bd
      SharedPool[51] = class com.ibm.ejs.j2c.SharedPool@7932be2d
      SharedPool[52] = class com.ibm.ejs.j2c.SharedPool@a02c38d5
      SharedPool[53] = class com.ibm.ejs.j2c.SharedPool@12f30fc9
      SharedPool[54] = class com.ibm.ejs.j2c.SharedPool@66330fd4
      SharedPool[55] = class com.ibm.ejs.j2c.SharedPool@c674475b
      SharedPool[56] = class com.ibm.ejs.j2c.SharedPool@c1264210
      SharedPool[57] = class com.ibm.ejs.j2c.SharedPool@afb73b92
      SharedPool[58] = class com.ibm.ejs.j2c.SharedPool@fd10b9df
      SharedPool[59] = class com.ibm.ejs.j2c.SharedPool@8bc20700
      SharedPool[60] = class com.ibm.ejs.j2c.SharedPool@e66c1203
      SharedPool[61] = class com.ibm.ejs.j2c.SharedPool@c80052a1
      SharedPool[62] = class com.ibm.ejs.j2c.SharedPool@86a4a4b9
      SharedPool[63] = class com.ibm.ejs.j2c.SharedPool@85de61e5
      SharedPool[64] = class com.ibm.ejs.j2c.SharedPool@bdd9e5b1
      SharedPool[65] = class com.ibm.ejs.j2c.SharedPool@a3ad288f
      SharedPool[66] = class com.ibm.ejs.j2c.SharedPool@64b78648
      SharedPool[67] = class com.ibm.ejs.j2c.SharedPool@51a512aa
      SharedPool[68] = class com.ibm.ejs.j2c.SharedPool@627fd1b1
      SharedPool[69] = class com.ibm.ejs.j2c.SharedPool@245a26d7
      SharedPool[70] = class com.ibm.ejs.j2c.SharedPool@554da051
      SharedPool[71] = class com.ibm.ejs.j2c.SharedPool@9a2862e6
      SharedPool[72] = class com.ibm.ejs.j2c.SharedPool@6f1d6b9f
      SharedPool[73] = class com.ibm.ejs.j2c.SharedPool@88d49cfb
      SharedPool[74] = class com.ibm.ejs.j2c.SharedPool@982c776b
      SharedPool[75] = class com.ibm.ejs.j2c.SharedPool@4c0c4cd3
      SharedPool[76] = class com.ibm.ejs.j2c.SharedPool@3ed7ac54
      SharedPool[77] = class com.ibm.ejs.j2c.SharedPool@69e90f45
      SharedPool[78] = class com.ibm.ejs.j2c.SharedPool@f9cca2a4
      SharedPool[79] = class com.ibm.ejs.j2c.SharedPool@910f8849
      SharedPool[80] = class com.ibm.ejs.j2c.SharedPool@75a801c
      SharedPool[81] = class com.ibm.ejs.j2c.SharedPool@62d3a337
      SharedPool[82] = class com.ibm.ejs.j2c.SharedPool@73a62730
      SharedPool[83] = class com.ibm.ejs.j2c.SharedPool@990b0ed5
      SharedPool[84] = class com.ibm.ejs.j2c.SharedPool@503ee030
      SharedPool[85] = class com.ibm.ejs.j2c.SharedPool@50d93332
      SharedPool[86] = class com.ibm.ejs.j2c.SharedPool@ee6e08c5
      SharedPool[87] = class com.ibm.ejs.j2c.SharedPool@144b0d5e
      SharedPool[88] = class com.ibm.ejs.j2c.SharedPool@57f9f900
      SharedPool[89] = class com.ibm.ejs.j2c.SharedPool@4971bf46
      SharedPool[90] = class com.ibm.ejs.j2c.SharedPool@face5b3d
      SharedPool[91] = class com.ibm.ejs.j2c.SharedPool@636c6a81
      SharedPool[92] = class com.ibm.ejs.j2c.SharedPool@98f10c71
      SharedPool[93] = class com.ibm.ejs.j2c.SharedPool@89cec135
      SharedPool[94] = class com.ibm.ejs.j2c.SharedPool@24416ce9
      SharedPool[95] = class com.ibm.ejs.j2c.SharedPool@74f094a0
      SharedPool[96] = class com.ibm.ejs.j2c.SharedPool@f506c4ef
      SharedPool[97] = class com.ibm.ejs.j2c.SharedPool@45a2a690
      SharedPool[98] = class com.ibm.ejs.j2c.SharedPool@8d73cdb8
      SharedPool[99] = class com.ibm.ejs.j2c.SharedPool@77e35a23
      SharedPool[100] = class com.ibm.ejs.j2c.SharedPool@668d2443
      SharedPool[101] = class com.ibm.ejs.j2c.SharedPool@66a2ed91
      SharedPool[102] = class com.ibm.ejs.j2c.SharedPool@16399cb
      SharedPool[103] = class com.ibm.ejs.j2c.SharedPool@4cc23675
      SharedPool[104] = class com.ibm.ejs.j2c.SharedPool@8f97f1fc
      SharedPool[105] = class com.ibm.ejs.j2c.SharedPool@6c14589f
      SharedPool[106] = class com.ibm.ejs.j2c.SharedPool@3346b10a
      SharedPool[107] = class com.ibm.ejs.j2c.SharedPool@a46e3a54
      SharedPool[108] = class com.ibm.ejs.j2c.SharedPool@b7152dd2
      SharedPool[109] = class com.ibm.ejs.j2c.SharedPool@1458ba66
      SharedPool[110] = class com.ibm.ejs.j2c.SharedPool@fbfb081b
      SharedPool[111] = class com.ibm.ejs.j2c.SharedPool@769a0ef1
      SharedPool[112] = class com.ibm.ejs.j2c.SharedPool@f3f91a3d
      SharedPool[113] = class com.ibm.ejs.j2c.SharedPool@15a5bc85
      SharedPool[114] = class com.ibm.ejs.j2c.SharedPool@6092dd68
      SharedPool[115] = class com.ibm.ejs.j2c.SharedPool@bf6ff443
      SharedPool[116] = class com.ibm.ejs.j2c.SharedPool@5a74293d
      SharedPool[117] = class com.ibm.ejs.j2c.SharedPool@77f926db
      SharedPool[118] = class com.ibm.ejs.j2c.SharedPool@5f0ec049
      SharedPool[119] = class com.ibm.ejs.j2c.SharedPool@aa7ff6ec
      SharedPool[120] = class com.ibm.ejs.j2c.SharedPool@74fbc204
      SharedPool[121] = class com.ibm.ejs.j2c.SharedPool@ebe34449
      SharedPool[122] = class com.ibm.ejs.j2c.SharedPool@8df493ab
      SharedPool[123] = class com.ibm.ejs.j2c.SharedPool@3cdad0c8
      SharedPool[124] = class com.ibm.ejs.j2c.SharedPool@2a8fa45b
      SharedPool[125] = class com.ibm.ejs.j2c.SharedPool@18b77540
      SharedPool[126] = class com.ibm.ejs.j2c.SharedPool@bc30f664
      SharedPool[127] = class com.ibm.ejs.j2c.SharedPool@2a4b7f0a
      SharedPool[128] = class com.ibm.ejs.j2c.SharedPool@2318d9c7
      SharedPool[129] = class com.ibm.ejs.j2c.SharedPool@f0167b1d
      SharedPool[130] = class com.ibm.ejs.j2c.SharedPool@edec96eb
      SharedPool[131] = class com.ibm.ejs.j2c.SharedPool@d5541aa
      SharedPool[132] = class com.ibm.ejs.j2c.SharedPool@a8fda38f
      SharedPool[133] = class com.ibm.ejs.j2c.SharedPool@a447b389
      SharedPool[134] = class com.ibm.ejs.j2c.SharedPool@99909638
      SharedPool[135] = class com.ibm.ejs.j2c.SharedPool@3c08214d
      SharedPool[136] = class com.ibm.ejs.j2c.SharedPool@2fb8bbee
      SharedPool[137] = class com.ibm.ejs.j2c.SharedPool@1f9aedf8
      SharedPool[138] = class com.ibm.ejs.j2c.SharedPool@f91a4c3
      SharedPool[139] = class com.ibm.ejs.j2c.SharedPool@82439490
      SharedPool[140] = class com.ibm.ejs.j2c.SharedPool@4da30a6d
      SharedPool[141] = class com.ibm.ejs.j2c.SharedPool@754df022
      SharedPool[142] = class com.ibm.ejs.j2c.SharedPool@94118f64
      SharedPool[143] = class com.ibm.ejs.j2c.SharedPool@2906248a
      SharedPool[144] = class com.ibm.ejs.j2c.SharedPool@1854a4eb
      SharedPool[145] = class com.ibm.ejs.j2c.SharedPool@9dfbd8f3
      SharedPool[146] = class com.ibm.ejs.j2c.SharedPool@4620b47e
      SharedPool[147] = class com.ibm.ejs.j2c.SharedPool@1abf096d
      SharedPool[148] = class com.ibm.ejs.j2c.SharedPool@fd6c2b11
      SharedPool[149] = class com.ibm.ejs.j2c.SharedPool@dd534669
      SharedPool[150] = class com.ibm.ejs.j2c.SharedPool@2ac18d3f
      SharedPool[151] = class com.ibm.ejs.j2c.SharedPool@45994030
      SharedPool[152] = class com.ibm.ejs.j2c.SharedPool@6d15a4c2
      SharedPool[153] = class com.ibm.ejs.j2c.SharedPool@4c765d28
      SharedPool[154] = class com.ibm.ejs.j2c.SharedPool@65236a22
      SharedPool[155] = class com.ibm.ejs.j2c.SharedPool@fa882320
      SharedPool[156] = class com.ibm.ejs.j2c.SharedPool@caf6e349
      SharedPool[157] = class com.ibm.ejs.j2c.SharedPool@3cf2a4b9
      SharedPool[158] = class com.ibm.ejs.j2c.SharedPool@2419a0af
      SharedPool[159] = class com.ibm.ejs.j2c.SharedPool@4a9d4bfe
      SharedPool[160] = class com.ibm.ejs.j2c.SharedPool@66ee8a42
      SharedPool[161] = class com.ibm.ejs.j2c.SharedPool@1cb607a
      SharedPool[162] = class com.ibm.ejs.j2c.SharedPool@1c7b69c6
      SharedPool[163] = class com.ibm.ejs.j2c.SharedPool@1bfa395e
      SharedPool[164] = class com.ibm.ejs.j2c.SharedPool@c1cde5fd
      SharedPool[165] = class com.ibm.ejs.j2c.SharedPool@56af3165
      SharedPool[166] = class com.ibm.ejs.j2c.SharedPool@5582b548
      SharedPool[167] = class com.ibm.ejs.j2c.SharedPool@9f80aea
      SharedPool[168] = class com.ibm.ejs.j2c.SharedPool@9cda3713
      SharedPool[169] = class com.ibm.ejs.j2c.SharedPool@685d6dd2
      SharedPool[170] = class com.ibm.ejs.j2c.SharedPool@e1bd4c94
      SharedPool[171] = class com.ibm.ejs.j2c.SharedPool@8c9e0e4a
      SharedPool[172] = class com.ibm.ejs.j2c.SharedPool@e9e2ae19
      SharedPool[173] = class com.ibm.ejs.j2c.SharedPool@c935a38f
      SharedPool[174] = class com.ibm.ejs.j2c.SharedPool@cf838fe4
      SharedPool[175] = class com.ibm.ejs.j2c.SharedPool@2bcfffd5
      SharedPool[176] = class com.ibm.ejs.j2c.SharedPool@8ff6ba4e
      SharedPool[177] = class com.ibm.ejs.j2c.SharedPool@4a18a585
      SharedPool[178] = class com.ibm.ejs.j2c.SharedPool@6a67dcfb
      SharedPool[179] = class com.ibm.ejs.j2c.SharedPool@f38e6d53
      SharedPool[180] = class com.ibm.ejs.j2c.SharedPool@5d07f824
      SharedPool[181] = class com.ibm.ejs.j2c.SharedPool@cbec9917
      SharedPool[182] = class com.ibm.ejs.j2c.SharedPool@5d9c7bee
      SharedPool[183] = class com.ibm.ejs.j2c.SharedPool@c6266374
      SharedPool[184] = class com.ibm.ejs.j2c.SharedPool@c4ce4008
      SharedPool[185] = class com.ibm.ejs.j2c.SharedPool@a9d0d5ed
      SharedPool[186] = class com.ibm.ejs.j2c.SharedPool@5b77d2f1
      SharedPool[187] = class com.ibm.ejs.j2c.SharedPool@105a8a2
      SharedPool[188] = class com.ibm.ejs.j2c.SharedPool@472d941c
      SharedPool[189] = class com.ibm.ejs.j2c.SharedPool@22e47baa
      SharedPool[190] = class com.ibm.ejs.j2c.SharedPool@c24ddc3e
      SharedPool[191] = class com.ibm.ejs.j2c.SharedPool@7eff2629
      SharedPool[192] = class com.ibm.ejs.j2c.SharedPool@77cd70a8
      SharedPool[193] = class com.ibm.ejs.j2c.SharedPool@537704a4
      SharedPool[194] = class com.ibm.ejs.j2c.SharedPool@5c7dedd2
      SharedPool[195] = class com.ibm.ejs.j2c.SharedPool@383604ca
      SharedPool[196] = class com.ibm.ejs.j2c.SharedPool@93c87d55
      SharedPool[197] = class com.ibm.ejs.j2c.SharedPool@80aa9d82
      SharedPool[198] = class com.ibm.ejs.j2c.SharedPool@93232334
      SharedPool[199] = class com.ibm.ejs.j2c.SharedPool@3fe0a836
    freePool = class com.ibm.ejs.j2c.FreePool[100]
      FreePool[0] = class com.ibm.ejs.j2c.FreePool@90a4c710
      FreePool[1] = class com.ibm.ejs.j2c.FreePool@421371f0
      FreePool[2] = class com.ibm.ejs.j2c.FreePool@5e316e9c
      FreePool[3] = class com.ibm.ejs.j2c.FreePool@cc58de2c
      FreePool[4] = class com.ibm.ejs.j2c.FreePool@b266c8e1
      FreePool[5] = class com.ibm.ejs.j2c.FreePool@7173c071
      FreePool[6] = class com.ibm.ejs.j2c.FreePool@2fb6e1ab
      FreePool[7] = class com.ibm.ejs.j2c.FreePool@3d716b73
      FreePool[8] = class com.ibm.ejs.j2c.FreePool@63f74166
      FreePool[9] = class com.ibm.ejs.j2c.FreePool@2f4fbf1d
      FreePool[10] = class com.ibm.ejs.j2c.FreePool@3cf60f06
      FreePool[11] = class com.ibm.ejs.j2c.FreePool@dee7f7c6
      FreePool[12] = class com.ibm.ejs.j2c.FreePool@ac735459
      FreePool[13] = class com.ibm.ejs.j2c.FreePool@8674958d
      FreePool[14] = class com.ibm.ejs.j2c.FreePool@339e07ec
      FreePool[15] = class com.ibm.ejs.j2c.FreePool@e745b8cc
      FreePool[16] = class com.ibm.ejs.j2c.FreePool@ff0c6001
      FreePool[17] = class com.ibm.ejs.j2c.FreePool@57c77b49
      FreePool[18] = class com.ibm.ejs.j2c.FreePool@41eb5735
      FreePool[19] = class com.ibm.ejs.j2c.FreePool@2ed1bb2b
      FreePool[20] = class com.ibm.ejs.j2c.FreePool@4471632d
      FreePool[21] = class com.ibm.ejs.j2c.FreePool@96c203d
      FreePool[22] = class com.ibm.ejs.j2c.FreePool@85c580a6
      FreePool[23] = class com.ibm.ejs.j2c.FreePool@c71a254b
      FreePool[24] = class com.ibm.ejs.j2c.FreePool@ba827cc7
      FreePool[25] = class com.ibm.ejs.j2c.FreePool@838f8a9e
      FreePool[26] = class com.ibm.ejs.j2c.FreePool@e10f353e
      FreePool[27] = class com.ibm.ejs.j2c.FreePool@d6081c66
      FreePool[28] = class com.ibm.ejs.j2c.FreePool@2aa9ef8b
      FreePool[29] = class com.ibm.ejs.j2c.FreePool@94960d2d
      FreePool[30] = class com.ibm.ejs.j2c.FreePool@658302a6
      FreePool[31] = class com.ibm.ejs.j2c.FreePool@b7832656
      FreePool[32] = class com.ibm.ejs.j2c.FreePool@338ba3ef
      FreePool[33] = class com.ibm.ejs.j2c.FreePool@ae1bbaed
      FreePool[34] = class com.ibm.ejs.j2c.FreePool@84018799
      FreePool[35] = class com.ibm.ejs.j2c.FreePool@541ce464
      FreePool[36] = class com.ibm.ejs.j2c.FreePool@3515402f
      FreePool[37] = class com.ibm.ejs.j2c.FreePool@6f496700
      FreePool[38] = class com.ibm.ejs.j2c.FreePool@a35e4a90
      FreePool[39] = class com.ibm.ejs.j2c.FreePool@b411c530
      FreePool[40] = class com.ibm.ejs.j2c.FreePool@ca33d146
      FreePool[41] = class com.ibm.ejs.j2c.FreePool@ee5e3d73
      FreePool[42] = class com.ibm.ejs.j2c.FreePool@565e7422
      FreePool[43] = class com.ibm.ejs.j2c.FreePool@b68491c6
      FreePool[44] = class com.ibm.ejs.j2c.FreePool@20c12931
      FreePool[45] = class com.ibm.ejs.j2c.FreePool@400362b7
      FreePool[46] = class com.ibm.ejs.j2c.FreePool@ff5f84bb
      FreePool[47] = class com.ibm.ejs.j2c.FreePool@c3840966
      FreePool[48] = class com.ibm.ejs.j2c.FreePool@363ac8a6
      FreePool[49] = class com.ibm.ejs.j2c.FreePool@45b9471e
      FreePool[50] = class com.ibm.ejs.j2c.FreePool@cd1df295
      FreePool[51] = class com.ibm.ejs.j2c.FreePool@4d864f4c
      FreePool[52] = class com.ibm.ejs.j2c.FreePool@358ac4
      FreePool[53] = class com.ibm.ejs.j2c.FreePool@870e882c
      FreePool[54] = class com.ibm.ejs.j2c.FreePool@d0746cae
      FreePool[55] = class com.ibm.ejs.j2c.FreePool@a2db8a41
      FreePool[56] = class com.ibm.ejs.j2c.FreePool@677e681c
      FreePool[57] = class com.ibm.ejs.j2c.FreePool@29d2e940
      FreePool[58] = class com.ibm.ejs.j2c.FreePool@3bc5bad1
      FreePool[59] = class com.ibm.ejs.j2c.FreePool@739806ec
      FreePool[60] = class com.ibm.ejs.j2c.FreePool@535864f4
      FreePool[61] = class com.ibm.ejs.j2c.FreePool@dc7ec3dc
      FreePool[62] = class com.ibm.ejs.j2c.FreePool@9bef170
      FreePool[63] = class com.ibm.ejs.j2c.FreePool@7797e409
      FreePool[64] = class com.ibm.ejs.j2c.FreePool@76ec9e04
      FreePool[65] = class com.ibm.ejs.j2c.FreePool@4ffd0cef
      FreePool[66] = class com.ibm.ejs.j2c.FreePool@c5251be6
      FreePool[67] = class com.ibm.ejs.j2c.FreePool@76f1733d
      FreePool[68] = class com.ibm.ejs.j2c.FreePool@693de6c3
      FreePool[69] = class com.ibm.ejs.j2c.FreePool@bad00ac
      FreePool[70] = class com.ibm.ejs.j2c.FreePool@1f637cd3
      FreePool[71] = class com.ibm.ejs.j2c.FreePool@a116e964
      FreePool[72] = class com.ibm.ejs.j2c.FreePool@927b94b
      FreePool[73] = class com.ibm.ejs.j2c.FreePool@e9083625
      FreePool[74] = class com.ibm.ejs.j2c.FreePool@8716abcd
      FreePool[75] = class com.ibm.ejs.j2c.FreePool@277a5a95
      FreePool[76] = class com.ibm.ejs.j2c.FreePool@52487b6e
      FreePool[77] = class com.ibm.ejs.j2c.FreePool@2bc81349
      FreePool[78] = class com.ibm.ejs.j2c.FreePool@718557a1
      FreePool[79] = class com.ibm.ejs.j2c.FreePool@ca8c1669
      FreePool[80] = class com.ibm.ejs.j2c.FreePool@543829f7
      FreePool[81] = class com.ibm.ejs.j2c.FreePool@1a1f0038
      FreePool[82] = class com.ibm.ejs.j2c.FreePool@2c23a3b
      FreePool[83] = class com.ibm.ejs.j2c.FreePool@923302fe
      FreePool[84] = class com.ibm.ejs.j2c.FreePool@4b266bad
      FreePool[85] = class com.ibm.ejs.j2c.FreePool@d4231628
      FreePool[86] = class com.ibm.ejs.j2c.FreePool@8f70a2ff
      FreePool[87] = class com.ibm.ejs.j2c.FreePool@e4165609
      FreePool[88] = class com.ibm.ejs.j2c.FreePool@6fcd74f6
      FreePool[89] = class com.ibm.ejs.j2c.FreePool@87853928
      FreePool[90] = class com.ibm.ejs.j2c.FreePool@a223f31a
      FreePool[91] = class com.ibm.ejs.j2c.FreePool@3ffac125
      FreePool[92] = class com.ibm.ejs.j2c.FreePool@d3351f22
      FreePool[93] = class com.ibm.ejs.j2c.FreePool@26e08f0b
      FreePool[94] = class com.ibm.ejs.j2c.FreePool@ba257582
      FreePool[95] = class com.ibm.ejs.j2c.FreePool@27892dc9
      FreePool[96] = class com.ibm.ejs.j2c.FreePool@e4f4020a
      FreePool[97] = class com.ibm.ejs.j2c.FreePool@b5cdafe5
      FreePool[98] = class com.ibm.ejs.j2c.FreePool@e66d8080
      FreePool[99] = class com.ibm.ejs.j2c.FreePool@400e504
    mcWrapperWaiterList = class com.ibm.ejs.j2c.MCWrapperList@d751c791
      serialVersionUID = -4093886924342827512
      serialVersionUID = "/* Could not access serialVersionUID */"
      DEFAULT_CAPACITY = "/* Could not access DEFAULT_CAPACITY */"
      EMPTY_ELEMENTDATA = "/* Could not access EMPTY_ELEMENTDATA */"
      DEFAULTCAPACITY_EMPTY_ELEMENTDATA = "/* Could not access DEFAULTCAPACITY_EMPTY_ELEMENTDATA */"
      elementData = "/* Could not access elementData */"
      size = "/* Could not access size */"
      MAX_ARRAY_SIZE = "/* Could not access MAX_ARRAY_SIZE */"
      modCount = "/* Could not access modCount */"
      MAX_ARRAY_SIZE = "/* Could not access MAX_ARRAY_SIZE */"
    mcToMCWMap = class java.util.HashMap@3df83617
      serialVersionUID = "/* Could not access serialVersionUID */"
      DEFAULT_INITIAL_CAPACITY = "/* Could not access DEFAULT_INITIAL_CAPACITY */"
      MAXIMUM_CAPACITY = "/* Could not access MAXIMUM_CAPACITY */"
      DEFAULT_LOAD_FACTOR = "/* Could not access DEFAULT_LOAD_FACTOR */"
      TREEIFY_THRESHOLD = "/* Could not access TREEIFY_THRESHOLD */"
      UNTREEIFY_THRESHOLD = "/* Could not access UNTREEIFY_THRESHOLD */"
      MIN_TREEIFY_CAPACITY = "/* Could not access MIN_TREEIFY_CAPACITY */"
      table = "/* Could not access table */"
      entrySet = "/* Could not access entrySet */"
      size = "/* Could not access size */"
      modCount = "/* Could not access modCount */"
      threshold = "/* Could not access threshold */"
      loadFactor = "/* Could not access loadFactor */"
      keySet = "/* Could not access keySet */"
      values = "/* Could not access values */"
    rwl = class java.util.concurrent.locks.ReentrantReadWriteLock@719ddee0
      serialVersionUID = "/* Could not access serialVersionUID */"
      readerLock = "/* Could not access readerLock */"
      writerLock = "/* Could not access writerLock */"
      sync = "/* Could not access sync */"
    mcToMCWMapRead = class java.util.concurrent.locks.ReentrantReadWriteLock$ReadLock@c9b9847f
      serialVersionUID = "/* Could not access serialVersionUID */"
      sync = "/* Could not access sync */"
    mcToMCWMapWrite = class java.util.concurrent.locks.ReentrantReadWriteLock$WriteLock@f2f69abe
      serialVersionUID = "/* Could not access serialVersionUID */"
      sync = "/* Could not access sync */"
    raClassLoader = null
    pmCounterLock = 0
    destroyMCWrapperListLock = 0
    totalConnectionCount = class java.util.concurrent.atomic.AtomicInteger@f6122cdd
      serialVersionUID = "/* Could not access serialVersionUID */"
      U = "/* Could not access U */"
      VALUE = "/* Could not access VALUE */"
      value = "/* Could not access value */"
      serialVersionUID = "/* Could not access serialVersionUID */"
    poolManagerBalancePoolLock = 0
    waiterFreePoolLock = 0
    waiterCount = 0
    allowConnectionRequests = true
    connectionPoolShutDown = false
    poolManagerTestConnectionLock = 0
    collectorCount = 0
    mcWrappersToDestroy = class java.util.ArrayList@3339a82b
      serialVersionUID = "/* Could not access serialVersionUID */"
      DEFAULT_CAPACITY = "/* Could not access DEFAULT_CAPACITY */"
      EMPTY_ELEMENTDATA = "/* Could not access EMPTY_ELEMENTDATA */"
      DEFAULTCAPACITY_EMPTY_ELEMENTDATA = "/* Could not access DEFAULTCAPACITY_EMPTY_ELEMENTDATA */"
      elementData = "/* Could not access elementData */"
      size = "/* Could not access size */"
      MAX_ARRAY_SIZE = "/* Could not access MAX_ARRAY_SIZE */"
      modCount = "/* Could not access modCount */"
      MAX_ARRAY_SIZE = "/* Could not access MAX_ARRAY_SIZE */"
    mcWrapperDoesExistInFreePool = true
    synchronizedAllReady = false
    dontNotifyWaiter = true
    dontDecrementTotalCounter = false
    unusedTimeoutEnabled = false
    connectionTimeout = 30
    maxConnections = 50
    minConnections = 0
    purgePolicy = class com.ibm.ws.jca.adapter.PurgePolicy@adfc3cca
      EntirePool = class com.ibm.ws.jca.adapter.PurgePolicy@adfc3cca
      FailingConnectionOnly = class com.ibm.ws.jca.adapter.PurgePolicy@e4a0a058
      ValidateAllConnections = class com.ibm.ws.jca.adapter.PurgePolicy@6eff89ba
      $VALUES = class com.ibm.ws.jca.adapter.PurgePolicy[3]
      name = "/* Could not access name */"
      ordinal = "/* Could not access ordinal */"
    reapTime = 180
    unusedTimeout = 1800
    agedTimeout = -1
    agedTimeoutMillis = -1000
    holdTimeLimit = 10
    maxSharedBuckets = 200
    maxFreePoolHashSize = 100
    maxNumberOfMCsAllowableInThread = 0
    throwExceptionOnMCThreadCheck = false
    waitersStartedTime = 0
    waitersEndedTime = 0
    parkedMCWrapper = null
    createParkedConnection = false
    parkedConnectionLockObject = 0
    totalPoolConnectionRequests = 0
    am = null
    amLockObject = 0
    pmQuiesced = false
    activeRequest = class java.util.concurrent.atomic.AtomicInteger@5245a06d
      serialVersionUID = "/* Could not access serialVersionUID */"
      U = "/* Could not access U */"
      VALUE = "/* Could not access VALUE */"
      value = "/* Could not access value */"
      serialVersionUID = "/* Could not access serialVersionUID */"
    updateToPoolInProgressLockObject = 0
    updateToPoolInProgress = false
    updateToPoolInProgressSleepTime = 250
    activeTLSRequest = class java.util.concurrent.atomic.AtomicInteger@95713291
      serialVersionUID = "/* Could not access serialVersionUID */"
      U = "/* Could not access U */"
      VALUE = "/* Could not access VALUE */"
      value = "/* Could not access value */"
      serialVersionUID = "/* Could not access serialVersionUID */"
    updateToTLSPoolInProgressLockObject = 0
    updateToTLSPoolInProgress = class java.util.concurrent.atomic.AtomicBoolean@1738ecfa
      serialVersionUID = "/* Could not access serialVersionUID */"
      VALUE = "/* Could not access VALUE */"
      value = "/* Could not access value */"
    updateToTLSPoolInProgressSleepTime = 250
    writer = null
    traceWriter = null
    printWriter = null
    tscdList = class java.util.Vector@29b3f72f
      elementData = "/* Could not access elementData */"
      elementCount = "/* Could not access elementCount */"
      capacityIncrement = "/* Could not access capacityIncrement */"
      serialVersionUID = "/* Could not access serialVersionUID */"
      MAX_ARRAY_SIZE = "/* Could not access MAX_ARRAY_SIZE */"
      modCount = "/* Could not access modCount */"
      MAX_ARRAY_SIZE = "/* Could not access MAX_ARRAY_SIZE */"
    logSerialReuseMessage = true
    _quiesce = false
    _quiesceTime = null
    nonDeferredReaperAlarm = false
    claimedVictimPercent = 0.0
    enableInuseConnectionDestroy = true
    localConnection_ = null
    maxCapacity = 0
    isThreadLocalConnectionEnabled = false
    getConnectionMap = class java.util.concurrent.ConcurrentHashMap@b2d61431
      serialVersionUID = "/* Could not access serialVersionUID */"
      MAXIMUM_CAPACITY = "/* Could not access MAXIMUM_CAPACITY */"
      DEFAULT_CAPACITY = "/* Could not access DEFAULT_CAPACITY */"
      MAX_ARRAY_SIZE = "/* Could not access MAX_ARRAY_SIZE */"
      DEFAULT_CONCURRENCY_LEVEL = "/* Could not access DEFAULT_CONCURRENCY_LEVEL */"
      LOAD_FACTOR = "/* Could not access LOAD_FACTOR */"
      TREEIFY_THRESHOLD = "/* Could not access TREEIFY_THRESHOLD */"
      UNTREEIFY_THRESHOLD = "/* Could not access UNTREEIFY_THRESHOLD */"
      MIN_TREEIFY_CAPACITY = "/* Could not access MIN_TREEIFY_CAPACITY */"
      MIN_TRANSFER_STRIDE = "/* Could not access MIN_TRANSFER_STRIDE */"
      RESIZE_STAMP_BITS = "/* Could not access RESIZE_STAMP_BITS */"
      MAX_RESIZERS = "/* Could not access MAX_RESIZERS */"
      RESIZE_STAMP_SHIFT = "/* Could not access RESIZE_STAMP_SHIFT */"
      MOVED = "/* Could not access MOVED */"
      TREEBIN = "/* Could not access TREEBIN */"
      RESERVED = "/* Could not access RESERVED */"
      HASH_BITS = "/* Could not access HASH_BITS */"
      NCPU = "/* Could not access NCPU */"
      serialPersistentFields = "/* Could not access serialPersistentFields */"
      table = "/* Could not access table */"
      nextTable = "/* Could not access nextTable */"
      baseCount = "/* Could not access baseCount */"
      sizeCtl = "/* Could not access sizeCtl */"
      transferIndex = "/* Could not access transferIndex */"
      cellsBusy = "/* Could not access cellsBusy */"
      counterCells = "/* Could not access counterCells */"
      keySet = "/* Could not access keySet */"
      values = "/* Could not access values */"
      entrySet = "/* Could not access entrySet */"
      U = "/* Could not access U */"
      SIZECTL = "/* Could not access SIZECTL */"
      TRANSFERINDEX = "/* Could not access TRANSFERINDEX */"
      BASECOUNT = "/* Could not access BASECOUNT */"
      CELLSBUSY = "/* Could not access CELLSBUSY */"
      CELLVALUE = "/* Could not access CELLVALUE */"
      ABASE = "/* Could not access ABASE */"
      ASHIFT = "/* Could not access ASHIFT */"
      keySet = "/* Could not access keySet */"
      values = "/* Could not access values */"
    alarmThreadCounter = class java.util.concurrent.atomic.AtomicInteger@9e10037c
      serialVersionUID = "/* Could not access serialVersionUID */"
      U = "/* Could not access U */"
      VALUE = "/* Could not access VALUE */"
      value = "/* Could not access value */"
      serialVersionUID = "/* Could not access serialVersionUID */"
  numberOfConnectionsInFreePool = 0
  numberOfConnectionsAssignedToThisFreePool = 0
  raClassLoader = null
  fatalErrorNotificationTime = 0
  _mcWrapperDoesNotExistInFreePool = false
  _synchronizeInMethod = true
  _notifyWaiter = false
  _decrementTotalCounter = true
  fop_gets = 0
  fnop_gets = 0
  freePoolQueuedRequests = 0
  freePoolCreateManagedConnection = 0
  numberOfClaimedVictims = 0
  numberOfClaimedVictims_CRI_Only_Mismatch = 0
  numberOfClaimedVictims_Subject_Only_Mismatch = 0
  numberOfClaimedVictims_CRI_Subject_Mismatch = 0
  numberOfClaimedVictims_MM_Only_Mismatch = 0
  fop_get_notfound = 0
  fnop_get_notfound = 0
  gConfigProps = class com.ibm.ejs.j2c.J2CGlobalConfigProperties@49d7d47d
    tc = class com.ibm.websphere.ras.TraceComponent@c56eef79
      strings[0] = "TraceComponent[com.ibm.ejs.j2c.J2CGlobalConfigProperties,class com.ibm.ejs.j2c.J2CGlobalConfigProperties,[WAS.j2c],com.ibm.ws.j2c.resources.J2CAMessages,null]"
    serialVersionUID = 3666445884103132373
    jndiName = null
    XpathId = "dataSource[DefaultDataSource]/connectionManager"
    cfName = "dataSource[DefaultDataSource]"
    logMissingTranContext = false
    validatingMCFSupported = true
    sendClaimedVictomToGetConnection = false
    raSupportsReauthentication = false
    transactionResourceRegistration = null
    checkManagedConnectionInstanceof = true
    checkManagedConnectionInstanceofLock = 0
    checkManagedConnectionInstanceofInitialized = false
    embeddedRa = false
    embeddedRaInitialized = false
    connectionSynchronizationProvider = false
    connectionSynchronizationProviderInitialized = false
    connectionPoolingEnabled = true
    connectionPoolingEnabledInitialized = false
    instanceOfDissociatableManagedConnection = false
    instanceOfDissociatableManagedConnectionInitialized = false
    commitPriority = 0
    transactionSupport = class javax.resource.spi.TransactionSupport$TransactionSupportLevel@15a43eed
      NoTransaction = class javax.resource.spi.TransactionSupport$TransactionSupportLevel@9261af20
      LocalTransaction = class javax.resource.spi.TransactionSupport$TransactionSupportLevel@44c84f54
      XATransaction = class javax.resource.spi.TransactionSupport$TransactionSupportLevel@15a43eed
      $VALUES = class javax.resource.spi.TransactionSupport$TransactionSupportLevel[3]
      name = "/* Could not access name */"
      ordinal = "/* Could not access ordinal */"
    dynamicEnlistmentSupported = false
    smartHandleSupport = false
    cciLocalTranSupported = true
    connectionTimeout = 30
    maxConnections = 50
    minConnections = 0
    purgePolicy = class com.ibm.ws.jca.adapter.PurgePolicy@adfc3cca
    reapTime = 180
    unusedTimeout = 1800
    agedTimeout = -1
    agedTimeoutMillis = -1000
    stopPoolRequests = false
    maxSharedBuckets = 200
    maxFreePoolHashSize = 100
    holdTimeLimit = 10
    numConnectionsPerThreadLocal = 0
    orphanConnHoldTimeLimitSeconds = 10
    changeSupport = class java.beans.PropertyChangeSupport@85ceaa93
      map = "/* Could not access map */"
      source = "/* Could not access source */"
      serialPersistentFields = "/* Could not access serialPersistentFields */"
      serialVersionUID = "/* Could not access serialVersionUID */"
    vChangeSupport = class java.beans.VetoableChangeSupport@caf228e5
      map = "/* Could not access map */"
      source = "/* Could not access source */"
      serialPersistentFields = "/* Could not access serialPersistentFields */"
      serialVersionUID = "/* Could not access serialVersionUID */"
    raMetaDataProps = null
    dsMetaDataProps = null
    callResourceAdapterStatMethods = false
    numberOfInuseConnections = 0
    numberOfInuseConnectionsLockObject = 0
    numberOfFreeConnections = 0
    numberOfFreeConnectionsLockObject = 0
    maxNumberOfMCsAllowableInThread = 0
    throwExceptionOnMCThreadCheck = false
    appName = null
    modName = null
    compName = null

