------Start of DE processing------ = [5/27/20, 14:47:32:229 EDT]
Exception = com.ibm.ws.config.xml.internal.AttributeValidationException
Source = com.ibm.ws.config.xml.internal.ConfigEvaluator$1
probeid = 342
Stack Dump = com.ibm.ws.config.xml.internal.AttributeValidationException: Value "${POSTGRES_PORT}" is not a number.
	at com.ibm.ws.config.xml.internal.ConfigEvaluator.processString(ConfigEvaluator.java:1349)
	at com.ibm.ws.config.xml.internal.ConfigEvaluator.convertStringToSingleValue(ConfigEvaluator.java:944)
	at com.ibm.ws.config.xml.internal.ConfigEvaluator.convertObjectToSingleValue(ConfigEvaluator.java:909)
	at com.ibm.ws.config.xml.internal.ConfigEvaluator.evaluateMetaType(ConfigEvaluator.java:782)
	at com.ibm.ws.config.xml.internal.ConfigEvaluator.evaluateMetaTypeAttribute(ConfigEvaluator.java:469)
	at com.ibm.ws.config.xml.internal.ConfigEvaluator.evaluate(ConfigEvaluator.java:137)
	at com.ibm.ws.config.xml.internal.ConfigEvaluator.evaluate(ConfigEvaluator.java:107)
	at com.ibm.ws.config.xml.internal.ConfigEvaluator.flattenConfigElement(ConfigEvaluator.java:608)
	at com.ibm.ws.config.xml.internal.ConfigEvaluator.evaluateFlatAttribute(ConfigEvaluator.java:597)
	at com.ibm.ws.config.xml.internal.ConfigEvaluator.access$000(ConfigEvaluator.java:54)
	at com.ibm.ws.config.xml.internal.ConfigEvaluator$1.entry(ConfigEvaluator.java:341)
	at com.ibm.ws.config.xml.internal.MetaTypeRegistry$RegistryEntry.traverseHierarchy(MetaTypeRegistry.java:990)
	at com.ibm.ws.config.xml.internal.MetaTypeRegistry$RegistryEntry.traverseHierarchy(MetaTypeRegistry.java:984)
	at com.ibm.ws.config.xml.internal.MetaTypeRegistry$RegistryEntry.traverseHierarchy(MetaTypeRegistry.java:967)
	at com.ibm.ws.config.xml.internal.ConfigEvaluator.evaluateMetaTypeAttribute(ConfigEvaluator.java:331)
	at com.ibm.ws.config.xml.internal.ConfigEvaluator.evaluate(ConfigEvaluator.java:137)
	at com.ibm.ws.config.xml.internal.ConfigEvaluator.evaluate(ConfigEvaluator.java:107)
	at com.ibm.ws.config.xml.internal.ConfigEvaluator.evaluate(ConfigEvaluator.java:85)
	at com.ibm.ws.config.xml.internal.ConfigUpdater.updateConfiguration(ConfigUpdater.java:190)
	at com.ibm.ws.config.xml.internal.ConfigUpdater.update(ConfigUpdater.java:109)
	at com.ibm.ws.config.xml.internal.ConfigUpdater.updateAndFireEvents(ConfigUpdater.java:625)
	at com.ibm.ws.config.xml.internal.BundleProcessor.addBundles(BundleProcessor.java:445)
	at com.ibm.ws.config.xml.internal.BundleProcessor.access$200(BundleProcessor.java:74)
	at com.ibm.ws.config.xml.internal.BundleProcessor$3.successfulCompletion(BundleProcessor.java:354)
	at com.ibm.ws.config.xml.internal.BundleProcessor$3.successfulCompletion(BundleProcessor.java:325)
	at com.ibm.ws.threading.internal.NonCancelableResultFuture.callListeners(NonCancelableResultFuture.java:135)
	at com.ibm.ws.threading.internal.FutureMonitorImpl.setResult(FutureMonitorImpl.java:143)
	at com.ibm.ws.runtime.update.internal.RuntimeUpdateManagerImpl$NotificationImpl.setResult(RuntimeUpdateManagerImpl.java:209)
	at com.ibm.ws.kernel.feature.internal.FeatureManager.updateFeatures(FeatureManager.java:1414)
	at com.ibm.ws.kernel.feature.internal.FeatureManager.update(FeatureManager.java:736)
	at com.ibm.ws.kernel.feature.internal.FeatureManager.processFeatureChanges(FeatureManager.java:844)
	at com.ibm.ws.kernel.feature.internal.FeatureManager$1.run(FeatureManager.java:636)
	at com.ibm.ws.threading.internal.ExecutorServiceImpl$RunnableWrapper.run(ExecutorServiceImpl.java:239)
	at java.base/java.util.concurrent.ThreadPoolExecutor.runWorker(ThreadPoolExecutor.java:1128)
	at java.base/java.util.concurrent.ThreadPoolExecutor$Worker.run(ThreadPoolExecutor.java:628)
	at java.base/java.lang.Thread.run(Thread.java:834)

Dump of callerThis
Object type = com.ibm.ws.config.xml.internal.ConfigEvaluator$1
  result = null
  val$attributeName = "properties"
  val$context = class com.ibm.ws.config.xml.internal.EvaluationContext@602092b
    EMPTY_STRING = ""
    result = class com.ibm.ws.config.xml.internal.ConfigEvaluator$EvaluationResult@9efaefdd
      configElement = class com.ibm.ws.config.xml.internal.FactoryElement@31e600d6
      properties = class com.ibm.ws.config.admin.ConfigurationDictionary@b23372e4
      references = class java.util.HashSet@7a2704c7
      nestedResults = class java.util.HashMap@f8d32294
      variables = null
      pid = null
      valid = true
      unresolvedReferences = class java.util.HashSet@7f4ada5c
      registryEntry = class com.ibm.ws.config.xml.internal.MetaTypeRegistry$RegistryEntry@1a3955b6
      serialVersionUID = -532615335863117056
      $$$tc$$$ = class com.ibm.websphere.ras.TraceComponent@838acabe
    lookupStack = class java.util.LinkedList@fbd6bbb
      size = "/* Could not access size */"
      first = "/* Could not access first */"
      last = "/* Could not access last */"
      serialVersionUID = "/* Could not access serialVersionUID */"
      modCount = "/* Could not access modCount */"
      MAX_ARRAY_SIZE = "/* Could not access MAX_ARRAY_SIZE */"
    cache = class java.util.HashMap@35f4be4f
      serialVersionUID = "/* Could not access serialVersionUID */"
      DEFAULT_INITIAL_CAPACITY = "/* Could not access DEFAULT_INITIAL_CAPACITY */"
      MAXIMUM_CAPACITY = "/* Could not access MAXIMUM_CAPACITY */"
      DEFAULT_LOAD_FACTOR = "/* Could not access DEFAULT_LOAD_FACTOR */"
      TREEIFY_THRESHOLD = "/* Could not access TREEIFY_THRESHOLD */"
      UNTREEIFY_THRESHOLD = "/* Could not access UNTREEIFY_THRESHOLD */"
      MIN_TREEIFY_CAPACITY = "/* Could not access MIN_TREEIFY_CAPACITY */"
      table = "/* Could not access table */"
      entrySet = "/* Could not access entrySet */"
      size = "/* Could not access size */"
      modCount = "/* Could not access modCount */"
      threshold = "/* Could not access threshold */"
      loadFactor = "/* Could not access loadFactor */"
      keySet = "/* Could not access keySet */"
      values = "/* Could not access values */"
    processed = class java.util.HashSet@c9b01e70
      serialVersionUID = "/* Could not access serialVersionUID */"
      map = "/* Could not access map */"
      PRESENT = "/* Could not access PRESENT */"
      MAX_ARRAY_SIZE = "/* Could not access MAX_ARRAY_SIZE */"
    variables = null
    attributeMap = class java.util.LinkedHashMap@86667569
      serialVersionUID = "/* Could not access serialVersionUID */"
      head = "/* Could not access head */"
      tail = "/* Could not access tail */"
      accessOrder = "/* Could not access accessOrder */"
      serialVersionUID = "/* Could not access serialVersionUID */"
      DEFAULT_INITIAL_CAPACITY = "/* Could not access DEFAULT_INITIAL_CAPACITY */"
      MAXIMUM_CAPACITY = "/* Could not access MAXIMUM_CAPACITY */"
      DEFAULT_LOAD_FACTOR = "/* Could not access DEFAULT_LOAD_FACTOR */"
      TREEIFY_THRESHOLD = "/* Could not access TREEIFY_THRESHOLD */"
      UNTREEIFY_THRESHOLD = "/* Could not access UNTREEIFY_THRESHOLD */"
      MIN_TREEIFY_CAPACITY = "/* Could not access MIN_TREEIFY_CAPACITY */"
      table = "/* Could not access table */"
      entrySet = "/* Could not access entrySet */"
      size = "/* Could not access size */"
      modCount = "/* Could not access modCount */"
      threshold = "/* Could not access threshold */"
      loadFactor = "/* Could not access loadFactor */"
      keySet = "/* Could not access keySet */"
      values = "/* Could not access values */"
    nested = class java.util.HashSet@8c6d9984
      serialVersionUID = "/* Could not access serialVersionUID */"
      map = "/* Could not access map */"
      PRESENT = "/* Could not access PRESENT */"
      MAX_ARRAY_SIZE = "/* Could not access MAX_ARRAY_SIZE */"
    attributeValueCopies = class java.util.ArrayList@94349bb1
      serialVersionUID = "/* Could not access serialVersionUID */"
      DEFAULT_CAPACITY = "/* Could not access DEFAULT_CAPACITY */"
      EMPTY_ELEMENTDATA = "/* Could not access EMPTY_ELEMENTDATA */"
      DEFAULTCAPACITY_EMPTY_ELEMENTDATA = "/* Could not access DEFAULTCAPACITY_EMPTY_ELEMENTDATA */"
      elementData = "/* Could not access elementData */"
      size = "/* Could not access size */"
      MAX_ARRAY_SIZE = "/* Could not access MAX_ARRAY_SIZE */"
      modCount = "/* Could not access modCount */"
      MAX_ARRAY_SIZE = "/* Could not access MAX_ARRAY_SIZE */"
    attribute = "properties"
    variableEvaluator = class com.ibm.ws.config.xml.internal.VariableEvaluator@eebf0e51
      variableRegistry = class com.ibm.ws.config.xml.internal.ConfigVariableRegistry@4ed80c04
      stringUtils = class com.ibm.ws.config.xml.internal.StringUtils@fbf6dc8a
      configEvaluator = class com.ibm.ws.config.xml.internal.ConfigEvaluator@1bc2bddc
      serialVersionUID = 3435820265446668882
      $$$tc$$$ = class com.ibm.websphere.ras.TraceComponent@a8bb050f
    serialVersionUID = -6262033632450953692
    $$$tc$$$ = class com.ibm.websphere.ras.TraceComponent@e7dfa496
      strings[0] = "TraceComponent[com.ibm.ws.config.xml.internal.EvaluationContext,class com.ibm.ws.config.xml.internal.EvaluationContext,[config],com.ibm.ws.config.internal.resources.ConfigMessages,null]"
  val$flatPrefix = ""
  val$config = class com.ibm.ws.config.xml.internal.FactoryElement@31e600d6
    id = "DefaultDataSource"
    serialVersionUID = -290568863603112051
    $$$tc$$$ = class com.ibm.websphere.ras.TraceComponent@809b0ca7
      strings[0] = "TraceComponent[com.ibm.ws.config.xml.internal.FactoryElement,class com.ibm.ws.config.xml.internal.FactoryElement,[config],com.ibm.ws.config.internal.resources.ConfigMessages,null]"
    pid = "com.ibm.ws.jdbc.dataSource"
    serialVersionUID = -9047414204686928380
    $$$tc$$$ = class com.ibm.websphere.ras.TraceComponent@be2a8fac
      strings[0] = "TraceComponent[com.ibm.ws.config.xml.internal.MetaTypeElement,class com.ibm.ws.config.xml.internal.MetaTypeElement,[config],com.ibm.ws.config.internal.resources.ConfigMessages,null]"
    nodeName = "dataSource"
    attributes = class com.ibm.ws.config.xml.internal.ConfigElement$GroupHashMap@ffeddf92
      serialVersionUID = 3632130989008067578
      comparator = "/* Could not access comparator */"
      root = "/* Could not access root */"
      size = "/* Could not access size */"
      modCount = "/* Could not access modCount */"
      entrySet = "/* Could not access entrySet */"
      navigableKeySet = "/* Could not access navigableKeySet */"
      descendingMap = "/* Could not access descendingMap */"
      UNBOUNDED = "/* Could not access UNBOUNDED */"
      RED = "/* Could not access RED */"
      BLACK = "/* Could not access BLACK */"
      serialVersionUID = "/* Could not access serialVersionUID */"
      keySet = "/* Could not access keySet */"
      values = "/* Could not access values */"
    sequenceId = 0
    location = "bundleentry://101.fwk262037914/OSGI-INF/wlp/defaultInstances.xml"
    overrideLocation = "file:/Users/awisniew/Projects/MST/sandbox/jdbc-app/target/liberty/wlp/usr/servers/defaultServer/server.xml"
    operations = class java.util.HashMap@a3cabe14
      serialVersionUID = "/* Could not access serialVersionUID */"
      DEFAULT_INITIAL_CAPACITY = "/* Could not access DEFAULT_INITIAL_CAPACITY */"
      MAXIMUM_CAPACITY = "/* Could not access MAXIMUM_CAPACITY */"
      DEFAULT_LOAD_FACTOR = "/* Could not access DEFAULT_LOAD_FACTOR */"
      TREEIFY_THRESHOLD = "/* Could not access TREEIFY_THRESHOLD */"
      UNTREEIFY_THRESHOLD = "/* Could not access UNTREEIFY_THRESHOLD */"
      MIN_TREEIFY_CAPACITY = "/* Could not access MIN_TREEIFY_CAPACITY */"
      table = "/* Could not access table */"
      entrySet = "/* Could not access entrySet */"
      size = "/* Could not access size */"
      modCount = "/* Could not access modCount */"
      threshold = "/* Could not access threshold */"
      loadFactor = "/* Could not access loadFactor */"
      keySet = "/* Could not access keySet */"
      values = "/* Could not access values */"
    isTextOnly = true
    elementValue = ""
    parent = null
    children = class java.util.ArrayList@9146b0f7
      serialVersionUID = "/* Could not access serialVersionUID */"
      DEFAULT_CAPACITY = "/* Could not access DEFAULT_CAPACITY */"
      EMPTY_ELEMENTDATA = "/* Could not access EMPTY_ELEMENTDATA */"
      DEFAULTCAPACITY_EMPTY_ELEMENTDATA = "/* Could not access DEFAULTCAPACITY_EMPTY_ELEMENTDATA */"
      elementData = "/* Could not access elementData */"
      size = "/* Could not access size */"
      MAX_ARRAY_SIZE = "/* Could not access MAX_ARRAY_SIZE */"
      modCount = "/* Could not access modCount */"
      MAX_ARRAY_SIZE = "/* Could not access MAX_ARRAY_SIZE */"
    childAttributeName = null
    mergeBehavior = class com.ibm.ws.config.xml.internal.XMLConfigParser$MergeBehavior@d84caa4d
      MERGE = class com.ibm.ws.config.xml.internal.XMLConfigParser$MergeBehavior@d84caa4d
      REPLACE = class com.ibm.ws.config.xml.internal.XMLConfigParser$MergeBehavior@9f438810
      IGNORE = class com.ibm.ws.config.xml.internal.XMLConfigParser$MergeBehavior@1696f82f
      MERGE_WHEN_EXISTS = class com.ibm.ws.config.xml.internal.XMLConfigParser$MergeBehavior@5e0ca9fb
      MERGE_WHEN_MISSING = class com.ibm.ws.config.xml.internal.XMLConfigParser$MergeBehavior@db60fbf7
      $VALUES = class com.ibm.ws.config.xml.internal.XMLConfigParser$MergeBehavior[5]
      name = "/* Could not access name */"
      ordinal = "/* Could not access ordinal */"
    docLocationStack = null
    behaviorStack = null
    CASE_INSENSITIVE = class com.ibm.ws.config.xml.internal.ConfigElement$1@36e5035a
      serialVersionUID = 2579770070088481384
      $$$tc$$$ = class com.ibm.websphere.ras.TraceComponent@979092cc
  val$i = class java.util.concurrent.atomic.AtomicInteger@773a5f22
    serialVersionUID = "/* Could not access serialVersionUID */"
    U = "/* Could not access U */"
    VALUE = "/* Could not access VALUE */"
    value = "/* Could not access value */"
    serialVersionUID = "/* Could not access serialVersionUID */"
  val$processedNames = class java.util.HashSet@338ddad9
    serialVersionUID = "/* Could not access serialVersionUID */"
    map = "/* Could not access map */"
    PRESENT = "/* Could not access PRESENT */"
    MAX_ARRAY_SIZE = "/* Could not access MAX_ARRAY_SIZE */"
  val$ignoreWarnings = false
  this$0 = class com.ibm.ws.config.xml.internal.ConfigEvaluator@1bc2bddc
    tc = class com.ibm.websphere.ras.TraceComponent@ce16714f
      strings[0] = "TraceComponent[com.ibm.ws.config.xml.internal.ConfigEvaluator,class com.ibm.ws.config.xml.internal.ConfigEvaluator,[config],com.ibm.ws.config.internal.resources.ConfigMessages,null]"
    ALL_PIDS = "*"
    configRetriever = class com.ibm.ws.config.xml.internal.ConfigRetriever@921537bc
      tc = class com.ibm.websphere.ras.TraceComponent@aab94f2b
      caSupport = class com.ibm.ws.config.admin.internal.SystemConfigSupportImpl@90751e9f
      configAdmin = class com.ibm.ws.config.admin.internal.ConfigurationAdminImpl@d448c475
      variableRegistry = class com.ibm.ws.config.xml.internal.ConfigVariableRegistry@4ed80c04
      serialVersionUID = -2418731197807035025
    metatypeRegistry = class com.ibm.ws.config.xml.internal.MetaTypeRegistry@2dbcaf75
      tc = class com.ibm.websphere.ras.TraceComponent@f71f7f3e
      MTP_REMOVED_TOPIC = "internal_mtp_removed"
      MTP_ADDED_TOPIC = "internal_mtp_added"
      UPDATED_PIDS = "internal_mtp_updated_pids"
      BUNDLE = "internal_mtp_bundle"
      MTP_INFO = "internal_mtp_info"
      entryMap = class java.util.concurrent.ConcurrentHashMap@63b94d83
      aliasMap = class java.util.concurrent.ConcurrentHashMap@24c99fbe
      invalidEntryMap = class java.util.concurrent.ConcurrentHashMap@86b77a2d
      childAliasMap = class java.util.concurrent.ConcurrentHashMap@c627ec26
      childPidMap = class java.util.concurrent.ConcurrentHashMap@d25443a8
      serviceToObjectClassMap = class java.util.concurrent.ConcurrentHashMap@4c89e721
      serviceToServicesMap = class java.util.concurrent.ConcurrentHashMap@a6997be
      bundleMap = class java.util.concurrent.ConcurrentHashMap@967cc90e
      metaTypeTracker = class org.osgi.util.tracker.ServiceTracker@d7c04ea
      mtpTracker = null
      serialVersionUID = -2893456135787297566
    serverXMLConfig = class com.ibm.ws.config.xml.internal.ServerXMLConfiguration@9eec98b9
      tc = class com.ibm.websphere.ras.TraceComponent@f0afbdbd
      configRoot = class com.ibm.ws.kernel.service.location.internal.LocalFileResource@b4ab30dc
      configDropinDefaults = class com.ibm.ws.kernel.service.location.internal.LocalFileResource@6c7b2a34
      configDropinOverrides = class com.ibm.ws.kernel.service.location.internal.LocalFileResource@78a15a37
      bundleContext = class org.eclipse.osgi.internal.framework.BundleContextImpl@58013964
      serverConfiguration = class com.ibm.ws.config.xml.internal.ServerConfiguration@df4bc07f
      CONFIG_DROPINS = "configDropins"
      CONFIG_DROPIN_DEFAULTS = "configDropins/defaults/"
      CONFIG_DROPIN_OVERRIDES = "configDropins/overrides/"
      configReadTime = 1590605245564
      parser = class com.ibm.ws.config.xml.internal.XMLConfigParser@6726e108
      serialVersionUID = -173981188152250166
    variableEvaluator = class com.ibm.ws.config.xml.internal.VariableEvaluator@eebf0e51
    serialVersionUID = -4673704313582978563
  serialVersionUID = -2084209042270298338
  $$$tc$$$ = class com.ibm.websphere.ras.TraceComponent@a6f95152
    strings[0] = "TraceComponent[com.ibm.ws.config.xml.internal.ConfigEvaluator$1,class com.ibm.ws.config.xml.internal.ConfigEvaluator$1,[config],com.ibm.ws.config.internal.resources.ConfigMessages,null]"

Dump of objectArray[0]
Object type = com.ibm.ws.config.xml.internal.MetaTypeRegistry$RegistryEntry
  pid = "com.ibm.ws.jdbc.dataSource.properties"
  rootPid = "com.ibm.ws.jdbc.dataSource.properties.supertype"
  factory = true
  ocd = class com.ibm.ws.config.xml.internal.metatype.ExtendedObjectClassDefinitionImpl@2e5496d8
    EXPOSED_FILTERS = class java.util.Arrays$ArrayList@33585e8
      serialVersionUID = "/* Could not access serialVersionUID */"
      a = "/* Could not access a */"
      modCount = "/* Could not access modCount */"
      MAX_ARRAY_SIZE = "/* Could not access MAX_ARRAY_SIZE */"
    delegate = class org.eclipse.equinox.metatype.impl.ObjectClassDefinitionImpl@d8a48212
      iconComparator = class org.eclipse.equinox.metatype.impl.ObjectClassDefinitionImpl$1@ed2f0584
      _name = "%properties"
      _id = "com.ibm.ws.jdbc.dataSource.properties"
      _description = "%properties.desc"
      _type = 0
      _required = class java.util.ArrayList@f202170e
      _optional = class java.util.ArrayList@9affaacf
      helper = class org.eclipse.equinox.metatype.impl.ExtendableHelper@b0bc31e3
      icons = null
      KEY_SIGN = %
      LOCALE_SEP = _
      localization = "OSGI-INF/l10n/metatype"
      bundle = class org.eclipse.osgi.internal.framework.EquinoxBundle@d1b7ebb7
      locale = null
      resourceBundleCache = class java.util.concurrent.ConcurrentHashMap@734d5410
    parentPid = null
    alias = null
    extraProperties = true
    action = null
    localization = "OSGI-INF/l10n/metatype"
    supportsExtensions = false
    supportsHiddenExtensions = false
    extendsAlias = "!properties"
    extendsAttribute = "com.ibm.ws.jdbc.dataSource.properties.supertype"
    childAlias = null
    anyCount = 0
    excludedChildren = null
    objectClass = null
    requireExplicitConfiguration = false
    pid = "com.ibm.ws.jdbc.dataSource.properties"
    beta = false
    serialVersionUID = -5356085438660987379
    $$$tc$$$ = class com.ibm.websphere.ras.TraceComponent@df6b88b3
      strings[0] = "TraceComponent[com.ibm.ws.config.xml.internal.metatype.ExtendedObjectClassDefinitionImpl,class com.ibm.ws.config.xml.internal.metatype.ExtendedObjectClassDefinitionImpl,[config],com.ibm.ws.config.internal.resources.ConfigMessages,null]"
  bundleId = 101
  bundleName = "com.ibm.ws.jdbc"
  valid = true
  effectiveAttributes = class java.util.LinkedHashMap@6c4803c0
    serialVersionUID = "/* Could not access serialVersionUID */"
    head = "/* Could not access head */"
    tail = "/* Could not access tail */"
    accessOrder = "/* Could not access accessOrder */"
    serialVersionUID = "/* Could not access serialVersionUID */"
    DEFAULT_INITIAL_CAPACITY = "/* Could not access DEFAULT_INITIAL_CAPACITY */"
    MAXIMUM_CAPACITY = "/* Could not access MAXIMUM_CAPACITY */"
    DEFAULT_LOAD_FACTOR = "/* Could not access DEFAULT_LOAD_FACTOR */"
    TREEIFY_THRESHOLD = "/* Could not access TREEIFY_THRESHOLD */"
    UNTREEIFY_THRESHOLD = "/* Could not access UNTREEIFY_THRESHOLD */"
    MIN_TREEIFY_CAPACITY = "/* Could not access MIN_TREEIFY_CAPACITY */"
    table = "/* Could not access table */"
    entrySet = "/* Could not access entrySet */"
    size = "/* Could not access size */"
    modCount = "/* Could not access modCount */"
    threshold = "/* Could not access threshold */"
    loadFactor = "/* Could not access loadFactor */"
    keySet = "/* Could not access keySet */"
    values = "/* Could not access values */"
  requiredAttributeNames = class java.util.HashSet@3bd2b5ac
    serialVersionUID = "/* Could not access serialVersionUID */"
    map = "/* Could not access map */"
    PRESENT = "/* Could not access PRESENT */"
    MAX_ARRAY_SIZE = "/* Could not access MAX_ARRAY_SIZE */"
  extenders = null
  referencingPids = null
  referencedPids = null
  extendedRegistryEntry = class com.ibm.ws.config.xml.internal.MetaTypeRegistry$RegistryEntry@851eb02b
    pid = "com.ibm.ws.jdbc.dataSource.properties.supertype"
    rootPid = "com.ibm.ws.jdbc.dataSource.properties.supertype"
    factory = true
    ocd = class com.ibm.ws.config.xml.internal.metatype.ExtendedObjectClassDefinitionImpl@d6386326
      EXPOSED_FILTERS = class java.util.Arrays$ArrayList@33585e8
      delegate = class org.eclipse.equinox.metatype.impl.ObjectClassDefinitionImpl@9d52721c
      parentPid = null
      alias = null
      extraProperties = true
      action = null
      localization = "OSGI-INF/l10n/metatype"
      supportsExtensions = true
      supportsHiddenExtensions = false
      extendsAlias = null
      extendsAttribute = null
      childAlias = null
      anyCount = 0
      excludedChildren = null
      objectClass = null
      requireExplicitConfiguration = false
      pid = "com.ibm.ws.jdbc.dataSource.properties.supertype"
      beta = false
      serialVersionUID = -5356085438660987379
      $$$tc$$$ = class com.ibm.websphere.ras.TraceComponent@df6b88b3
    bundleId = 101
    bundleName = "com.ibm.ws.jdbc"
    valid = true
    effectiveAttributes = class java.util.LinkedHashMap@795c2054
      serialVersionUID = "/* Could not access serialVersionUID */"
      head = "/* Could not access head */"
      tail = "/* Could not access tail */"
      accessOrder = "/* Could not access accessOrder */"
      serialVersionUID = "/* Could not access serialVersionUID */"
      DEFAULT_INITIAL_CAPACITY = "/* Could not access DEFAULT_INITIAL_CAPACITY */"
      MAXIMUM_CAPACITY = "/* Could not access MAXIMUM_CAPACITY */"
      DEFAULT_LOAD_FACTOR = "/* Could not access DEFAULT_LOAD_FACTOR */"
      TREEIFY_THRESHOLD = "/* Could not access TREEIFY_THRESHOLD */"
      UNTREEIFY_THRESHOLD = "/* Could not access UNTREEIFY_THRESHOLD */"
      MIN_TREEIFY_CAPACITY = "/* Could not access MIN_TREEIFY_CAPACITY */"
      table = "/* Could not access table */"
      entrySet = "/* Could not access entrySet */"
      size = "/* Could not access size */"
      modCount = "/* Could not access modCount */"
      threshold = "/* Could not access threshold */"
      loadFactor = "/* Could not access loadFactor */"
      keySet = "/* Could not access keySet */"
      values = "/* Could not access values */"
    requiredAttributeNames = class java.util.HashSet@50d43b5f
      serialVersionUID = "/* Could not access serialVersionUID */"
      map = "/* Could not access map */"
      PRESENT = "/* Could not access PRESENT */"
      MAX_ARRAY_SIZE = "/* Could not access MAX_ARRAY_SIZE */"
    extenders = class java.util.ArrayList@d74b520e
      serialVersionUID = "/* Could not access serialVersionUID */"
      DEFAULT_CAPACITY = "/* Could not access DEFAULT_CAPACITY */"
      EMPTY_ELEMENTDATA = "/* Could not access EMPTY_ELEMENTDATA */"
      DEFAULTCAPACITY_EMPTY_ELEMENTDATA = "/* Could not access DEFAULTCAPACITY_EMPTY_ELEMENTDATA */"
      elementData = "/* Could not access elementData */"
      size = "/* Could not access size */"
      MAX_ARRAY_SIZE = "/* Could not access MAX_ARRAY_SIZE */"
      modCount = "/* Could not access modCount */"
      MAX_ARRAY_SIZE = "/* Could not access MAX_ARRAY_SIZE */"
    referencingPids = class java.util.concurrent.CopyOnWriteArrayList@3e7926da
      serialVersionUID = "/* Could not access serialVersionUID */"
      lock = "/* Could not access lock */"
      array = "/* Could not access array */"
    referencedPids = null
    extendedRegistryEntry = null
    serialVersionUID = 283735249053069825
    $$$tc$$$ = class com.ibm.websphere.ras.TraceComponent@c3358872
  serialVersionUID = 283735249053069825
  $$$tc$$$ = class com.ibm.websphere.ras.TraceComponent@c3358872
    strings[0] = "TraceComponent[com.ibm.ws.config.xml.internal.MetaTypeRegistry$RegistryEntry,class com.ibm.ws.config.xml.internal.MetaTypeRegistry$RegistryEntry,[config],com.ibm.ws.config.internal.resources.ConfigMessages,null]"

