------Start of DE processing------ = [5/27/20, 14:54:55:947 EDT]
Exception = com.ibm.ws.rsadapter.exceptions.DataStoreAdapterException
Source = com.ibm.ejs.j2c.poolmanager.FreePool.createManagedConnectionWithMCWrapper
probeid = 199
Stack Dump = com.ibm.ws.rsadapter.exceptions.DataStoreAdapterException: DSRA8100E: Unable to get a XAConnection from the DataSource. with SQL State : 08001 SQL Code : 0
	at com.ibm.ws.rsadapter.impl.DatabaseHelper.getPooledConnection(DatabaseHelper.java:975)
	at com.ibm.ws.rsadapter.impl.WSManagedConnectionFactoryImpl.getConnection(WSManagedConnectionFactoryImpl.java:821)
	at com.ibm.ws.rsadapter.impl.WSManagedConnectionFactoryImpl.createManagedConnection(WSManagedConnectionFactoryImpl.java:662)
	at com.ibm.ejs.j2c.FreePool.createManagedConnectionWithMCWrapper(FreePool.java:1372)
	at com.ibm.ejs.j2c.FreePool.createOrWaitForConnection(FreePool.java:1246)
	at com.ibm.ejs.j2c.PoolManager.reserve(PoolManager.java:1465)
	at com.ibm.ejs.j2c.ConnectionManager.allocateMCWrapper(ConnectionManager.java:581)
	at com.ibm.ejs.j2c.ConnectionManager.allocateConnection(ConnectionManager.java:314)
	at com.ibm.ws.rsadapter.jdbc.WSJdbcDataSource.getConnection(WSJdbcDataSource.java:137)
	at com.ibm.ws.rsadapter.jdbc.WSJdbcDataSource.getConnection(WSJdbcDataSource.java:111)
	at org.example.app.PersonServiceWithJDBC.initPeople(PersonServiceWithJDBC.java:62)
	at jdk.internal.reflect.GeneratedMethodAccessor561.invoke(Unknown Source)
	at java.base/java.lang.reflect.Method.invoke(Method.java:566)
	at org.jboss.weld.interceptor.reader.SimpleInterceptorInvocation$SimpleMethodInvocation.invoke(SimpleInterceptorInvocation.java:76)
	at org.jboss.weld.interceptor.proxy.WeldInvocationContextImpl.invokeNext(WeldInvocationContextImpl.java:94)
	at org.jboss.weld.interceptor.proxy.WeldInvocationContextImpl.proceed(WeldInvocationContextImpl.java:124)
	at org.jboss.weld.interceptor.proxy.InterceptorMethodHandler.executeLifecycleInterception(InterceptorMethodHandler.java:78)
	at org.jboss.weld.interceptor.proxy.InterceptorMethodHandler.executeInterception(InterceptorMethodHandler.java:74)
	at org.jboss.weld.interceptor.proxy.InterceptorMethodHandler.invoke(InterceptorMethodHandler.java:48)
	at org.jboss.weld.bean.proxy.CombinedInterceptorAndDecoratorStackMethodHandler.invoke(CombinedInterceptorAndDecoratorStackMethodHandler.java:84)
	at org.jboss.weld.bean.proxy.CombinedInterceptorAndDecoratorStackMethodHandler.invoke(CombinedInterceptorAndDecoratorStackMethodHandler.java:61)
	at org.example.app.PersonServiceWithJDBC$Proxy$_$$_WeldSubclass.lifecycle_mixin_$$_postConstruct(Unknown Source)
	at org.jboss.weld.interceptor.util.InterceptionUtils.executePostConstruct(InterceptionUtils.java:44)
	at org.jboss.weld.interceptor.util.InterceptionUtils.executePostConstruct(InterceptionUtils.java:56)
	at org.jboss.weld.injection.producer.DefaultLifecycleCallbackInvoker.postConstruct(DefaultLifecycleCallbackInvoker.java:64)
	at org.jboss.weld.injection.producer.BasicInjectionTarget.postConstruct(BasicInjectionTarget.java:122)
	at org.jboss.weld.bean.ManagedBean.create(ManagedBean.java:164)
	at org.jboss.weld.contexts.AbstractContext.get(AbstractContext.java:96)
	at org.jboss.weld.bean.ContextualInstanceStrategy$DefaultContextualInstanceStrategy.get(ContextualInstanceStrategy.java:100)
	at org.jboss.weld.bean.ContextualInstanceStrategy$ApplicationScopedContextualInstanceStrategy.get(ContextualInstanceStrategy.java:140)
	at org.jboss.weld.bean.ContextualInstance.get(ContextualInstance.java:50)
	at org.jboss.weld.bean.proxy.ContextBeanInstance.getInstance(ContextBeanInstance.java:102)
	at org.jboss.weld.bean.proxy.ProxyMethodHandler.getInstance(ProxyMethodHandler.java:131)
	at org.example.app.PersonServiceWithJDBC$Proxy$_$$_WeldClientProxy.getAllPeople(Unknown Source)
	at jdk.internal.reflect.GeneratedMethodAccessor547.invoke(Unknown Source)
	at java.base/java.lang.reflect.Method.invoke(Method.java:566)
	at com.ibm.ws.jaxrs20.cdi.component.JaxRsFactoryImplicitBeanCDICustomizer.serviceInvoke(JaxRsFactoryImplicitBeanCDICustomizer.java:334)
	at com.ibm.ws.jaxrs20.server.LibertyJaxRsServerFactoryBean.performInvocation(LibertyJaxRsServerFactoryBean.java:641)
	at com.ibm.ws.jaxrs20.server.LibertyJaxRsInvoker.performInvocation(LibertyJaxRsInvoker.java:160)
	at org.apache.cxf.service.invoker.AbstractInvoker.invoke(AbstractInvoker.java:96)
	at com.ibm.ws.jaxrs20.server.LibertyJaxRsInvoker.invoke(LibertyJaxRsInvoker.java:273)
	at org.apache.cxf.jaxrs.JAXRSInvoker.invoke(JAXRSInvoker.java:210)
	at com.ibm.ws.jaxrs20.server.LibertyJaxRsInvoker.invoke(LibertyJaxRsInvoker.java:444)
	at org.apache.cxf.jaxrs.JAXRSInvoker.invoke(JAXRSInvoker.java:112)
	at org.apache.cxf.interceptor.ServiceInvokerInterceptor$1.run(ServiceInvokerInterceptor.java:61)
	at org.apache.cxf.interceptor.ServiceInvokerInterceptor.handleMessage(ServiceInvokerInterceptor.java:99)
	at org.apache.cxf.phase.PhaseInterceptorChain.doIntercept(PhaseInterceptorChain.java:316)
	at org.apache.cxf.transport.ChainInitiationObserver.onMessage(ChainInitiationObserver.java:123)
	at org.apache.cxf.transport.http.AbstractHTTPDestination.invoke(AbstractHTTPDestination.java:273)
	at com.ibm.ws.jaxrs20.endpoint.AbstractJaxRsWebEndpoint.invoke(AbstractJaxRsWebEndpoint.java:136)
	at com.ibm.websphere.jaxrs.server.IBMRestServlet.handleRequest(IBMRestServlet.java:146)
	at com.ibm.websphere.jaxrs.server.IBMRestServlet.doGet(IBMRestServlet.java:112)
	at javax.servlet.http.HttpServlet.service(HttpServlet.java:686)
	at com.ibm.websphere.jaxrs.server.IBMRestServlet.service(IBMRestServlet.java:96)
	at com.ibm.ws.webcontainer.servlet.ServletWrapper.service(ServletWrapper.java:1230)
	at com.ibm.ws.webcontainer.servlet.ServletWrapper.handleRequest(ServletWrapper.java:729)
	at com.ibm.ws.webcontainer.servlet.ServletWrapper.handleRequest(ServletWrapper.java:426)
	at com.ibm.ws.webcontainer.filter.WebAppFilterManager.invokeFilters(WebAppFilterManager.java:1226)
	at com.ibm.ws.webcontainer.webapp.WebApp.handleRequest(WebApp.java:5021)
	at com.ibm.ws.webcontainer.osgi.DynamicVirtualHost$2.handleRequest(DynamicVirtualHost.java:314)
	at com.ibm.ws.webcontainer.WebContainer.handleRequest(WebContainer.java:1007)
	at com.ibm.ws.webcontainer.osgi.DynamicVirtualHost$2.run(DynamicVirtualHost.java:279)
	at com.ibm.ws.http.dispatcher.internal.channel.HttpDispatcherLink$TaskWrapper.run(HttpDispatcherLink.java:1134)
	at com.ibm.ws.http.dispatcher.internal.channel.HttpDispatcherLink.wrapHandlerAndExecute(HttpDispatcherLink.java:415)
	at com.ibm.ws.http.dispatcher.internal.channel.HttpDispatcherLink.ready(HttpDispatcherLink.java:374)
	at com.ibm.ws.http.channel.internal.inbound.HttpInboundLink.handleDiscrimination(HttpInboundLink.java:551)
	at com.ibm.ws.http.channel.internal.inbound.HttpInboundLink.handleNewRequest(HttpInboundLink.java:484)
	at com.ibm.ws.http.channel.internal.inbound.HttpInboundLink.processRequest(HttpInboundLink.java:346)
	at com.ibm.ws.http.channel.internal.inbound.HttpInboundLink.ready(HttpInboundLink.java:317)
	at com.ibm.ws.tcpchannel.internal.NewConnectionInitialReadCallback.sendToDiscriminators(NewConnectionInitialReadCallback.java:167)
	at com.ibm.ws.tcpchannel.internal.NewConnectionInitialReadCallback.complete(NewConnectionInitialReadCallback.java:75)
	at com.ibm.ws.tcpchannel.internal.WorkQueueManager.requestComplete(WorkQueueManager.java:504)
	at com.ibm.ws.tcpchannel.internal.WorkQueueManager.attemptIO(WorkQueueManager.java:574)
	at com.ibm.ws.tcpchannel.internal.WorkQueueManager.workerRun(WorkQueueManager.java:958)
	at com.ibm.ws.tcpchannel.internal.WorkQueueManager$Worker.run(WorkQueueManager.java:1047)
	at com.ibm.ws.threading.internal.ExecutorServiceImpl$RunnableWrapper.run(ExecutorServiceImpl.java:239)
	at java.base/java.util.concurrent.ThreadPoolExecutor.runWorker(ThreadPoolExecutor.java:1128)
	at java.base/java.util.concurrent.ThreadPoolExecutor$Worker.run(ThreadPoolExecutor.java:628)
	at java.base/java.lang.Thread.run(Thread.java:834)
Caused by: java.sql.SQLException: Connection to localhost:5432 refused. Check that the hostname and port are correct and that the postmaster is accepting TCP/IP connections. DSRA0010E: SQL State = 08001, Error Code = 0
	at org.postgresql.core.v3.ConnectionFactoryImpl.openConnectionImpl(ConnectionFactoryImpl.java:280)
	at org.postgresql.core.ConnectionFactory.openConnection(ConnectionFactory.java:49)
	at org.postgresql.jdbc.PgConnection.<init>(PgConnection.java:195)
	at org.postgresql.Driver.makeConnection(Driver.java:458)
	at org.postgresql.Driver.connect(Driver.java:260)
	at java.sql.DriverManager.getConnection(DriverManager.java:677)
	at java.sql.DriverManager.getConnection(DriverManager.java:228)
	at org.postgresql.ds.common.BaseDataSource.getConnection(BaseDataSource.java:97)
	at org.postgresql.xa.PGXADataSource.getXAConnection(PGXADataSource.java:46)
	at org.postgresql.xa.PGXADataSource.getXAConnection(PGXADataSource.java:33)
	at com.ibm.ws.rsadapter.impl.DatabaseHelper$1.run(DatabaseHelper.java:955)
	at com.ibm.ws.rsadapter.impl.DatabaseHelper$1.run(DatabaseHelper.java:948)
	at java.base/java.security.AccessController.doPrivileged(AccessController.java:734)
	at com.ibm.ws.rsadapter.impl.DatabaseHelper.getPooledConnection(DatabaseHelper.java:948)
	... 78 more
Caused by: java.net.ConnectException: Connection refused (Connection refused)
	at java.base/java.net.PlainSocketImpl.socketConnect(Native Method)
	at java.base/java.net.AbstractPlainSocketImpl.doConnect(AbstractPlainSocketImpl.java:399)
	at java.base/java.net.AbstractPlainSocketImpl.connectToAddress(AbstractPlainSocketImpl.java:242)
	at java.base/java.net.AbstractPlainSocketImpl.connect(AbstractPlainSocketImpl.java:224)
	at java.base/java.net.SocksSocketImpl.connect(SocksSocketImpl.java:403)
	at java.base/java.net.Socket.connect(Socket.java:609)
	at org.postgresql.core.PGStream.<init>(PGStream.java:75)
	at org.postgresql.core.v3.ConnectionFactoryImpl.tryConnect(ConnectionFactoryImpl.java:91)
	at org.postgresql.core.v3.ConnectionFactoryImpl.openConnectionImpl(ConnectionFactoryImpl.java:192)
	... 91 more

Dump of callerThis
Object type = com.ibm.ejs.j2c.FreePool
  tc = class com.ibm.websphere.ras.TraceComponent@314507e5
    strings[0] = "TraceComponent[com.ibm.ejs.j2c.FreePool,class com.ibm.ejs.j2c.FreePool,[WAS.j2c],com.ibm.ws.j2c.resources.J2CAMessages,null]"
  mcWrapperList = class com.ibm.ejs.j2c.MCWrapperList@dce89dd9
    serialVersionUID = -4093886924342827512
    serialVersionUID = "/* Could not access serialVersionUID */"
    DEFAULT_CAPACITY = "/* Could not access DEFAULT_CAPACITY */"
    EMPTY_ELEMENTDATA = "/* Could not access EMPTY_ELEMENTDATA */"
    DEFAULTCAPACITY_EMPTY_ELEMENTDATA = "/* Could not access DEFAULTCAPACITY_EMPTY_ELEMENTDATA */"
    elementData = "/* Could not access elementData */"
    size = "/* Could not access size */"
    MAX_ARRAY_SIZE = "/* Could not access MAX_ARRAY_SIZE */"
    modCount = "/* Could not access modCount */"
    MAX_ARRAY_SIZE = "/* Could not access MAX_ARRAY_SIZE */"
  nl = "
"
  freeConnectionLockObject = 0
  pm = class com.ibm.ejs.j2c.PoolManager@e897d98d
    tc = class com.ibm.websphere.ras.TraceComponent@58318fad
      strings[0] = "TraceComponent[com.ibm.ejs.j2c.PoolManager,class com.ibm.ejs.j2c.PoolManager,[WAS.j2c],com.ibm.ws.j2c.resources.J2CAMessages,null]"
    alertResourceBundleName = "com.ibm.ws.j2c.resources.J2CAMessages"
    nl = "
"
    connectorSvc = class com.ibm.ejs.j2c.ConnectorServiceImpl@3bce2424
      tc = class com.ibm.websphere.ras.TraceComponent@ce3d5892
      authDataServiceRef = class com.ibm.wsspi.kernel.service.utils.AtomicServiceReference@8fb95517
      classLoaderIdentifierService = class com.ibm.ws.classloading.internal.ClassLoadingServiceImpl@9f265ec0
      deferrableSchedXSvcRef = class com.ibm.wsspi.kernel.service.utils.AtomicServiceReference@2481aabe
      execSvcRef = class com.ibm.wsspi.kernel.service.utils.AtomicServiceReference@2e5f4f3c
      nonDeferrableSchedXSvcRef = class com.ibm.wsspi.kernel.service.utils.AtomicServiceReference@c9bc0699
      rrsXAResFactorySvcRef = class com.ibm.wsspi.kernel.service.utils.AtomicServiceReference@cd5bca77
      transactionManager = class com.ibm.ws.transaction.services.TransactionManagerService@4a4375e3
      variableRegistrySvcRef = class com.ibm.wsspi.kernel.service.utils.AtomicServiceReference@569a2ebd
      tc = class com.ibm.websphere.ras.TraceComponent@98c10f22
      NLS = class com.ibm.ejs.ras.TraceNLS@10bd243b
    gConfigProps = class com.ibm.ejs.j2c.J2CGlobalConfigProperties@a670241e
    reaperThreadStarted = false
    taskTimerLockObject = 0
    waitSkip = 0
    displayInfiniteWaitMessage = false
    tlsArrayLists = class java.util.concurrent.ConcurrentHashMap@282890e9
      serialVersionUID = "/* Could not access serialVersionUID */"
      MAXIMUM_CAPACITY = "/* Could not access MAXIMUM_CAPACITY */"
      DEFAULT_CAPACITY = "/* Could not access DEFAULT_CAPACITY */"
      MAX_ARRAY_SIZE = "/* Could not access MAX_ARRAY_SIZE */"
      DEFAULT_CONCURRENCY_LEVEL = "/* Could not access DEFAULT_CONCURRENCY_LEVEL */"
      LOAD_FACTOR = "/* Could not access LOAD_FACTOR */"
      TREEIFY_THRESHOLD = "/* Could not access TREEIFY_THRESHOLD */"
      UNTREEIFY_THRESHOLD = "/* Could not access UNTREEIFY_THRESHOLD */"
      MIN_TREEIFY_CAPACITY = "/* Could not access MIN_TREEIFY_CAPACITY */"
      MIN_TRANSFER_STRIDE = "/* Could not access MIN_TRANSFER_STRIDE */"
      RESIZE_STAMP_BITS = "/* Could not access RESIZE_STAMP_BITS */"
      MAX_RESIZERS = "/* Could not access MAX_RESIZERS */"
      RESIZE_STAMP_SHIFT = "/* Could not access RESIZE_STAMP_SHIFT */"
      MOVED = "/* Could not access MOVED */"
      TREEBIN = "/* Could not access TREEBIN */"
      RESERVED = "/* Could not access RESERVED */"
      HASH_BITS = "/* Could not access HASH_BITS */"
      NCPU = "/* Could not access NCPU */"
      serialPersistentFields = "/* Could not access serialPersistentFields */"
      table = "/* Could not access table */"
      nextTable = "/* Could not access nextTable */"
      baseCount = "/* Could not access baseCount */"
      sizeCtl = "/* Could not access sizeCtl */"
      transferIndex = "/* Could not access transferIndex */"
      cellsBusy = "/* Could not access cellsBusy */"
      counterCells = "/* Could not access counterCells */"
      keySet = "/* Could not access keySet */"
      values = "/* Could not access values */"
      entrySet = "/* Could not access entrySet */"
      U = "/* Could not access U */"
      SIZECTL = "/* Could not access SIZECTL */"
      TRANSFERINDEX = "/* Could not access TRANSFERINDEX */"
      BASECOUNT = "/* Could not access BASECOUNT */"
      CELLSBUSY = "/* Could not access CELLSBUSY */"
      CELLVALUE = "/* Could not access CELLVALUE */"
      ABASE = "/* Could not access ABASE */"
      ASHIFT = "/* Could not access ASHIFT */"
      keySet = "/* Could not access keySet */"
      values = "/* Could not access values */"
    sharedPool = class com.ibm.ejs.j2c.SharedPool[200]
      SharedPool[0] = class com.ibm.ejs.j2c.SharedPool@33a04adc
      SharedPool[1] = class com.ibm.ejs.j2c.SharedPool@b59b10f4
      SharedPool[2] = class com.ibm.ejs.j2c.SharedPool@766a716b
      SharedPool[3] = class com.ibm.ejs.j2c.SharedPool@30eb793c
      SharedPool[4] = class com.ibm.ejs.j2c.SharedPool@f7d85245
      SharedPool[5] = class com.ibm.ejs.j2c.SharedPool@8d71a780
      SharedPool[6] = class com.ibm.ejs.j2c.SharedPool@6c11642a
      SharedPool[7] = class com.ibm.ejs.j2c.SharedPool@89acf600
      SharedPool[8] = class com.ibm.ejs.j2c.SharedPool@20f38b23
      SharedPool[9] = class com.ibm.ejs.j2c.SharedPool@bf83959f
      SharedPool[10] = class com.ibm.ejs.j2c.SharedPool@fb9a2521
      SharedPool[11] = class com.ibm.ejs.j2c.SharedPool@49c984fa
      SharedPool[12] = class com.ibm.ejs.j2c.SharedPool@8dd03987
      SharedPool[13] = class com.ibm.ejs.j2c.SharedPool@290f3ca0
      SharedPool[14] = class com.ibm.ejs.j2c.SharedPool@60b36504
      SharedPool[15] = class com.ibm.ejs.j2c.SharedPool@95b88399
      SharedPool[16] = class com.ibm.ejs.j2c.SharedPool@e7e686dc
      SharedPool[17] = class com.ibm.ejs.j2c.SharedPool@c744a038
      SharedPool[18] = class com.ibm.ejs.j2c.SharedPool@2b9a7557
      SharedPool[19] = class com.ibm.ejs.j2c.SharedPool@ad7d4121
      SharedPool[20] = class com.ibm.ejs.j2c.SharedPool@ae8325cd
      SharedPool[21] = class com.ibm.ejs.j2c.SharedPool@de7f58eb
      SharedPool[22] = class com.ibm.ejs.j2c.SharedPool@d07d9546
      SharedPool[23] = class com.ibm.ejs.j2c.SharedPool@ca2427d3
      SharedPool[24] = class com.ibm.ejs.j2c.SharedPool@c5ff43ee
      SharedPool[25] = class com.ibm.ejs.j2c.SharedPool@4a59e0ee
      SharedPool[26] = class com.ibm.ejs.j2c.SharedPool@b116b245
      SharedPool[27] = class com.ibm.ejs.j2c.SharedPool@86609314
      SharedPool[28] = class com.ibm.ejs.j2c.SharedPool@55ac157e
      SharedPool[29] = class com.ibm.ejs.j2c.SharedPool@fbbfc3f6
      SharedPool[30] = class com.ibm.ejs.j2c.SharedPool@97656236
      SharedPool[31] = class com.ibm.ejs.j2c.SharedPool@73ac0573
      SharedPool[32] = class com.ibm.ejs.j2c.SharedPool@f55529b6
      SharedPool[33] = class com.ibm.ejs.j2c.SharedPool@22511341
      SharedPool[34] = class com.ibm.ejs.j2c.SharedPool@492617cf
      SharedPool[35] = class com.ibm.ejs.j2c.SharedPool@7fac838d
      SharedPool[36] = class com.ibm.ejs.j2c.SharedPool@6da48575
      SharedPool[37] = class com.ibm.ejs.j2c.SharedPool@ad9a4e30
      SharedPool[38] = class com.ibm.ejs.j2c.SharedPool@fbf187cc
      SharedPool[39] = class com.ibm.ejs.j2c.SharedPool@d3d6b278
      SharedPool[40] = class com.ibm.ejs.j2c.SharedPool@f096e9b
      SharedPool[41] = class com.ibm.ejs.j2c.SharedPool@3c1cb066
      SharedPool[42] = class com.ibm.ejs.j2c.SharedPool@685460d8
      SharedPool[43] = class com.ibm.ejs.j2c.SharedPool@f848c402
      SharedPool[44] = class com.ibm.ejs.j2c.SharedPool@9073c7c5
      SharedPool[45] = class com.ibm.ejs.j2c.SharedPool@659250b5
      SharedPool[46] = class com.ibm.ejs.j2c.SharedPool@9c57375e
      SharedPool[47] = class com.ibm.ejs.j2c.SharedPool@b257c66
      SharedPool[48] = class com.ibm.ejs.j2c.SharedPool@e479f18a
      SharedPool[49] = class com.ibm.ejs.j2c.SharedPool@c01fcf06
      SharedPool[50] = class com.ibm.ejs.j2c.SharedPool@2ea6c754
      SharedPool[51] = class com.ibm.ejs.j2c.SharedPool@e183e6e4
      SharedPool[52] = class com.ibm.ejs.j2c.SharedPool@51e32c76
      SharedPool[53] = class com.ibm.ejs.j2c.SharedPool@db030c76
      SharedPool[54] = class com.ibm.ejs.j2c.SharedPool@bb3b07b3
      SharedPool[55] = class com.ibm.ejs.j2c.SharedPool@a6261a0e
      SharedPool[56] = class com.ibm.ejs.j2c.SharedPool@9bac0044
      SharedPool[57] = class com.ibm.ejs.j2c.SharedPool@e98cedd9
      SharedPool[58] = class com.ibm.ejs.j2c.SharedPool@bae0ddcb
      SharedPool[59] = class com.ibm.ejs.j2c.SharedPool@46e73486
      SharedPool[60] = class com.ibm.ejs.j2c.SharedPool@fb1418bd
      SharedPool[61] = class com.ibm.ejs.j2c.SharedPool@bcd34012
      SharedPool[62] = class com.ibm.ejs.j2c.SharedPool@6396d7d0
      SharedPool[63] = class com.ibm.ejs.j2c.SharedPool@6e375d7e
      SharedPool[64] = class com.ibm.ejs.j2c.SharedPool@e74f0888
      SharedPool[65] = class com.ibm.ejs.j2c.SharedPool@af727a04
      SharedPool[66] = class com.ibm.ejs.j2c.SharedPool@b5f237d8
      SharedPool[67] = class com.ibm.ejs.j2c.SharedPool@9c6fea40
      SharedPool[68] = class com.ibm.ejs.j2c.SharedPool@48905647
      SharedPool[69] = class com.ibm.ejs.j2c.SharedPool@781f31eb
      SharedPool[70] = class com.ibm.ejs.j2c.SharedPool@127aecf
      SharedPool[71] = class com.ibm.ejs.j2c.SharedPool@e762d52a
      SharedPool[72] = class com.ibm.ejs.j2c.SharedPool@9ba069c2
      SharedPool[73] = class com.ibm.ejs.j2c.SharedPool@c53b9cfd
      SharedPool[74] = class com.ibm.ejs.j2c.SharedPool@3f485857
      SharedPool[75] = class com.ibm.ejs.j2c.SharedPool@9fd3a465
      SharedPool[76] = class com.ibm.ejs.j2c.SharedPool@5f24b7d4
      SharedPool[77] = class com.ibm.ejs.j2c.SharedPool@5af19cc0
      SharedPool[78] = class com.ibm.ejs.j2c.SharedPool@899f34cb
      SharedPool[79] = class com.ibm.ejs.j2c.SharedPool@e4038f8e
      SharedPool[80] = class com.ibm.ejs.j2c.SharedPool@59dc54b7
      SharedPool[81] = class com.ibm.ejs.j2c.SharedPool@e6e9f4ca
      SharedPool[82] = class com.ibm.ejs.j2c.SharedPool@7192266d
      SharedPool[83] = class com.ibm.ejs.j2c.SharedPool@79c652b
      SharedPool[84] = class com.ibm.ejs.j2c.SharedPool@d4be00ca
      SharedPool[85] = class com.ibm.ejs.j2c.SharedPool@1e1edeef
      SharedPool[86] = class com.ibm.ejs.j2c.SharedPool@c7d39112
      SharedPool[87] = class com.ibm.ejs.j2c.SharedPool@6b22edce
      SharedPool[88] = class com.ibm.ejs.j2c.SharedPool@eb562933
      SharedPool[89] = class com.ibm.ejs.j2c.SharedPool@1d2f77af
      SharedPool[90] = class com.ibm.ejs.j2c.SharedPool@3af08bfa
      SharedPool[91] = class com.ibm.ejs.j2c.SharedPool@55b880ba
      SharedPool[92] = class com.ibm.ejs.j2c.SharedPool@8338f988
      SharedPool[93] = class com.ibm.ejs.j2c.SharedPool@9f995eef
      SharedPool[94] = class com.ibm.ejs.j2c.SharedPool@831a5ea0
      SharedPool[95] = class com.ibm.ejs.j2c.SharedPool@2fee28c4
      SharedPool[96] = class com.ibm.ejs.j2c.SharedPool@16f0d9fe
      SharedPool[97] = class com.ibm.ejs.j2c.SharedPool@a5eb3d60
      SharedPool[98] = class com.ibm.ejs.j2c.SharedPool@9d3fe223
      SharedPool[99] = class com.ibm.ejs.j2c.SharedPool@db09fc4f
      SharedPool[100] = class com.ibm.ejs.j2c.SharedPool@30f6faa7
      SharedPool[101] = class com.ibm.ejs.j2c.SharedPool@9e541046
      SharedPool[102] = class com.ibm.ejs.j2c.SharedPool@14eff419
      SharedPool[103] = class com.ibm.ejs.j2c.SharedPool@8a2c54a8
      SharedPool[104] = class com.ibm.ejs.j2c.SharedPool@ddfd0100
      SharedPool[105] = class com.ibm.ejs.j2c.SharedPool@53514528
      SharedPool[106] = class com.ibm.ejs.j2c.SharedPool@fcb258e7
      SharedPool[107] = class com.ibm.ejs.j2c.SharedPool@dae20f23
      SharedPool[108] = class com.ibm.ejs.j2c.SharedPool@553a0dd6
      SharedPool[109] = class com.ibm.ejs.j2c.SharedPool@2826c653
      SharedPool[110] = class com.ibm.ejs.j2c.SharedPool@ff8aa5e9
      SharedPool[111] = class com.ibm.ejs.j2c.SharedPool@bdcb896e
      SharedPool[112] = class com.ibm.ejs.j2c.SharedPool@d8a97d69
      SharedPool[113] = class com.ibm.ejs.j2c.SharedPool@b43bcf08
      SharedPool[114] = class com.ibm.ejs.j2c.SharedPool@c6ce6a6a
      SharedPool[115] = class com.ibm.ejs.j2c.SharedPool@b5493db4
      SharedPool[116] = class com.ibm.ejs.j2c.SharedPool@4fd9d567
      SharedPool[117] = class com.ibm.ejs.j2c.SharedPool@ff0f3a4c
      SharedPool[118] = class com.ibm.ejs.j2c.SharedPool@a1c61e5a
      SharedPool[119] = class com.ibm.ejs.j2c.SharedPool@ebbdc5da
      SharedPool[120] = class com.ibm.ejs.j2c.SharedPool@4daddd23
      SharedPool[121] = class com.ibm.ejs.j2c.SharedPool@1970d518
      SharedPool[122] = class com.ibm.ejs.j2c.SharedPool@58475c10
      SharedPool[123] = class com.ibm.ejs.j2c.SharedPool@49a6eb3e
      SharedPool[124] = class com.ibm.ejs.j2c.SharedPool@410948ea
      SharedPool[125] = class com.ibm.ejs.j2c.SharedPool@42e57109
      SharedPool[126] = class com.ibm.ejs.j2c.SharedPool@7ecbca58
      SharedPool[127] = class com.ibm.ejs.j2c.SharedPool@55908870
      SharedPool[128] = class com.ibm.ejs.j2c.SharedPool@2a1fbca9
      SharedPool[129] = class com.ibm.ejs.j2c.SharedPool@5162dc2c
      SharedPool[130] = class com.ibm.ejs.j2c.SharedPool@606e47b2
      SharedPool[131] = class com.ibm.ejs.j2c.SharedPool@c54cc39
      SharedPool[132] = class com.ibm.ejs.j2c.SharedPool@3e180350
      SharedPool[133] = class com.ibm.ejs.j2c.SharedPool@c109999a
      SharedPool[134] = class com.ibm.ejs.j2c.SharedPool@2955caab
      SharedPool[135] = class com.ibm.ejs.j2c.SharedPool@ad994b84
      SharedPool[136] = class com.ibm.ejs.j2c.SharedPool@425268c8
      SharedPool[137] = class com.ibm.ejs.j2c.SharedPool@31a3ddca
      SharedPool[138] = class com.ibm.ejs.j2c.SharedPool@1cbdfcf1
      SharedPool[139] = class com.ibm.ejs.j2c.SharedPool@20053146
      SharedPool[140] = class com.ibm.ejs.j2c.SharedPool@f2c25dd2
      SharedPool[141] = class com.ibm.ejs.j2c.SharedPool@56a2f9f3
      SharedPool[142] = class com.ibm.ejs.j2c.SharedPool@657ea1a8
      SharedPool[143] = class com.ibm.ejs.j2c.SharedPool@9356f764
      SharedPool[144] = class com.ibm.ejs.j2c.SharedPool@5b5e4f10
      SharedPool[145] = class com.ibm.ejs.j2c.SharedPool@7d44aaf6
      SharedPool[146] = class com.ibm.ejs.j2c.SharedPool@1e23b185
      SharedPool[147] = class com.ibm.ejs.j2c.SharedPool@7d2002ca
      SharedPool[148] = class com.ibm.ejs.j2c.SharedPool@5aaeecae
      SharedPool[149] = class com.ibm.ejs.j2c.SharedPool@3e604917
      SharedPool[150] = class com.ibm.ejs.j2c.SharedPool@81153ae
      SharedPool[151] = class com.ibm.ejs.j2c.SharedPool@9f9193fe
      SharedPool[152] = class com.ibm.ejs.j2c.SharedPool@b1876add
      SharedPool[153] = class com.ibm.ejs.j2c.SharedPool@6a56b3a3
      SharedPool[154] = class com.ibm.ejs.j2c.SharedPool@b21aa3f5
      SharedPool[155] = class com.ibm.ejs.j2c.SharedPool@ae4a0ae2
      SharedPool[156] = class com.ibm.ejs.j2c.SharedPool@85cd161c
      SharedPool[157] = class com.ibm.ejs.j2c.SharedPool@9164ad78
      SharedPool[158] = class com.ibm.ejs.j2c.SharedPool@be49da6d
      SharedPool[159] = class com.ibm.ejs.j2c.SharedPool@2655715a
      SharedPool[160] = class com.ibm.ejs.j2c.SharedPool@63d2edae
      SharedPool[161] = class com.ibm.ejs.j2c.SharedPool@5c5c05df
      SharedPool[162] = class com.ibm.ejs.j2c.SharedPool@cc9243e1
      SharedPool[163] = class com.ibm.ejs.j2c.SharedPool@8d013eb5
      SharedPool[164] = class com.ibm.ejs.j2c.SharedPool@5385b127
      SharedPool[165] = class com.ibm.ejs.j2c.SharedPool@a5b2dcdb
      SharedPool[166] = class com.ibm.ejs.j2c.SharedPool@8595c2f8
      SharedPool[167] = class com.ibm.ejs.j2c.SharedPool@70673948
      SharedPool[168] = class com.ibm.ejs.j2c.SharedPool@66818799
      SharedPool[169] = class com.ibm.ejs.j2c.SharedPool@d0291e03
      SharedPool[170] = class com.ibm.ejs.j2c.SharedPool@b41412b
      SharedPool[171] = class com.ibm.ejs.j2c.SharedPool@350dd451
      SharedPool[172] = class com.ibm.ejs.j2c.SharedPool@d6d85b0e
      SharedPool[173] = class com.ibm.ejs.j2c.SharedPool@cd5562b2
      SharedPool[174] = class com.ibm.ejs.j2c.SharedPool@e24d9cdf
      SharedPool[175] = class com.ibm.ejs.j2c.SharedPool@c7ad81c9
      SharedPool[176] = class com.ibm.ejs.j2c.SharedPool@fb5e477
      SharedPool[177] = class com.ibm.ejs.j2c.SharedPool@a1528a62
      SharedPool[178] = class com.ibm.ejs.j2c.SharedPool@2ceea456
      SharedPool[179] = class com.ibm.ejs.j2c.SharedPool@aa421078
      SharedPool[180] = class com.ibm.ejs.j2c.SharedPool@e905d8f7
      SharedPool[181] = class com.ibm.ejs.j2c.SharedPool@5d8684b2
      SharedPool[182] = class com.ibm.ejs.j2c.SharedPool@5b068edd
      SharedPool[183] = class com.ibm.ejs.j2c.SharedPool@7bfc3247
      SharedPool[184] = class com.ibm.ejs.j2c.SharedPool@ab38679d
      SharedPool[185] = class com.ibm.ejs.j2c.SharedPool@cb08783c
      SharedPool[186] = class com.ibm.ejs.j2c.SharedPool@f9e85bd5
      SharedPool[187] = class com.ibm.ejs.j2c.SharedPool@ab2e3ae
      SharedPool[188] = class com.ibm.ejs.j2c.SharedPool@f0d9896c
      SharedPool[189] = class com.ibm.ejs.j2c.SharedPool@4baccc63
      SharedPool[190] = class com.ibm.ejs.j2c.SharedPool@583ff370
      SharedPool[191] = class com.ibm.ejs.j2c.SharedPool@40c6649b
      SharedPool[192] = class com.ibm.ejs.j2c.SharedPool@7451d7ad
      SharedPool[193] = class com.ibm.ejs.j2c.SharedPool@d9170a4e
      SharedPool[194] = class com.ibm.ejs.j2c.SharedPool@e5249246
      SharedPool[195] = class com.ibm.ejs.j2c.SharedPool@3820456a
      SharedPool[196] = class com.ibm.ejs.j2c.SharedPool@aeb8ddea
      SharedPool[197] = class com.ibm.ejs.j2c.SharedPool@c38f2e85
      SharedPool[198] = class com.ibm.ejs.j2c.SharedPool@ecc30596
      SharedPool[199] = class com.ibm.ejs.j2c.SharedPool@58e1fb06
    freePool = class com.ibm.ejs.j2c.FreePool[100]
      FreePool[0] = class com.ibm.ejs.j2c.FreePool@40ab2fcd
      FreePool[1] = class com.ibm.ejs.j2c.FreePool@2b9b6002
      FreePool[2] = class com.ibm.ejs.j2c.FreePool@d9769b6b
      FreePool[3] = class com.ibm.ejs.j2c.FreePool@52ad4a30
      FreePool[4] = class com.ibm.ejs.j2c.FreePool@78c5286a
      FreePool[5] = class com.ibm.ejs.j2c.FreePool@a2f20d5d
      FreePool[6] = class com.ibm.ejs.j2c.FreePool@21f4a452
      FreePool[7] = class com.ibm.ejs.j2c.FreePool@44d436a0
      FreePool[8] = class com.ibm.ejs.j2c.FreePool@bd122f71
      FreePool[9] = class com.ibm.ejs.j2c.FreePool@618bb24
      FreePool[10] = class com.ibm.ejs.j2c.FreePool@26fb3eda
      FreePool[11] = class com.ibm.ejs.j2c.FreePool@c6f694d2
      FreePool[12] = class com.ibm.ejs.j2c.FreePool@33782412
      FreePool[13] = class com.ibm.ejs.j2c.FreePool@b7445812
      FreePool[14] = class com.ibm.ejs.j2c.FreePool@1bf66bbf
      FreePool[15] = class com.ibm.ejs.j2c.FreePool@1e6e0a30
      FreePool[16] = class com.ibm.ejs.j2c.FreePool@7c510645
      FreePool[17] = class com.ibm.ejs.j2c.FreePool@ee4a21eb
      FreePool[18] = class com.ibm.ejs.j2c.FreePool@3d1b99a7
      FreePool[19] = class com.ibm.ejs.j2c.FreePool@f8077734
      FreePool[20] = class com.ibm.ejs.j2c.FreePool@71c8189b
      FreePool[21] = class com.ibm.ejs.j2c.FreePool@f6c9b743
      FreePool[22] = class com.ibm.ejs.j2c.FreePool@19351a2b
      FreePool[23] = class com.ibm.ejs.j2c.FreePool@2494d161
      FreePool[24] = class com.ibm.ejs.j2c.FreePool@bc52f0b1
      FreePool[25] = class com.ibm.ejs.j2c.FreePool@b15f01c7
      FreePool[26] = class com.ibm.ejs.j2c.FreePool@d3ec78d
      FreePool[27] = class com.ibm.ejs.j2c.FreePool@aa32c19b
      FreePool[28] = class com.ibm.ejs.j2c.FreePool@6d74369e
      FreePool[29] = class com.ibm.ejs.j2c.FreePool@33a61dba
      FreePool[30] = class com.ibm.ejs.j2c.FreePool@7dc1eb59
      FreePool[31] = class com.ibm.ejs.j2c.FreePool@d7d9e705
      FreePool[32] = class com.ibm.ejs.j2c.FreePool@b8a49b17
      FreePool[33] = class com.ibm.ejs.j2c.FreePool@f93c6975
      FreePool[34] = class com.ibm.ejs.j2c.FreePool@e33ff722
      FreePool[35] = class com.ibm.ejs.j2c.FreePool@2b71fb59
      FreePool[36] = class com.ibm.ejs.j2c.FreePool@630fac9
      FreePool[37] = class com.ibm.ejs.j2c.FreePool@463a4e63
      FreePool[38] = class com.ibm.ejs.j2c.FreePool@fae369c0
      FreePool[39] = class com.ibm.ejs.j2c.FreePool@f37a1bf4
      FreePool[40] = class com.ibm.ejs.j2c.FreePool@29c2d4fe
      FreePool[41] = class com.ibm.ejs.j2c.FreePool@1fe9c3cb
      FreePool[42] = class com.ibm.ejs.j2c.FreePool@241d0bc9
      FreePool[43] = class com.ibm.ejs.j2c.FreePool@2da34ba2
      FreePool[44] = class com.ibm.ejs.j2c.FreePool@6fbf5c05
      FreePool[45] = class com.ibm.ejs.j2c.FreePool@687da135
      FreePool[46] = class com.ibm.ejs.j2c.FreePool@4c9f8fb9
      FreePool[47] = class com.ibm.ejs.j2c.FreePool@3e7d699b
      FreePool[48] = class com.ibm.ejs.j2c.FreePool@195f526c
      FreePool[49] = class com.ibm.ejs.j2c.FreePool@610066a0
      FreePool[50] = class com.ibm.ejs.j2c.FreePool@f92141d0
      FreePool[51] = class com.ibm.ejs.j2c.FreePool@432840c7
      FreePool[52] = class com.ibm.ejs.j2c.FreePool@6808b14a
      FreePool[53] = class com.ibm.ejs.j2c.FreePool@822c5bcf
      FreePool[54] = class com.ibm.ejs.j2c.FreePool@cf77d481
      FreePool[55] = class com.ibm.ejs.j2c.FreePool@c95a357d
      FreePool[56] = class com.ibm.ejs.j2c.FreePool@3a59202
      FreePool[57] = class com.ibm.ejs.j2c.FreePool@6ab23bad
      FreePool[58] = class com.ibm.ejs.j2c.FreePool@384b8dd8
      FreePool[59] = class com.ibm.ejs.j2c.FreePool@6e5208f0
      FreePool[60] = class com.ibm.ejs.j2c.FreePool@f401baa2
      FreePool[61] = class com.ibm.ejs.j2c.FreePool@6e38cbd2
      FreePool[62] = class com.ibm.ejs.j2c.FreePool@f9576088
      FreePool[63] = class com.ibm.ejs.j2c.FreePool@a9a9a4c
      FreePool[64] = class com.ibm.ejs.j2c.FreePool@a2959a89
      FreePool[65] = class com.ibm.ejs.j2c.FreePool@d510d47
      FreePool[66] = class com.ibm.ejs.j2c.FreePool@d99d4180
      FreePool[67] = class com.ibm.ejs.j2c.FreePool@fc5b5a1e
      FreePool[68] = class com.ibm.ejs.j2c.FreePool@7aed2af
      FreePool[69] = class com.ibm.ejs.j2c.FreePool@595040d
      FreePool[70] = class com.ibm.ejs.j2c.FreePool@86c00e29
      FreePool[71] = class com.ibm.ejs.j2c.FreePool@96991694
      FreePool[72] = class com.ibm.ejs.j2c.FreePool@c9666419
      FreePool[73] = class com.ibm.ejs.j2c.FreePool@838feb0c
      FreePool[74] = class com.ibm.ejs.j2c.FreePool@4424bdf1
      FreePool[75] = class com.ibm.ejs.j2c.FreePool@e8a81dfe
      FreePool[76] = class com.ibm.ejs.j2c.FreePool@80906c3
      FreePool[77] = class com.ibm.ejs.j2c.FreePool@bd3ab7b1
      FreePool[78] = class com.ibm.ejs.j2c.FreePool@9f23c5bd
      FreePool[79] = class com.ibm.ejs.j2c.FreePool@994822db
      FreePool[80] = class com.ibm.ejs.j2c.FreePool@9763262a
      FreePool[81] = class com.ibm.ejs.j2c.FreePool@8066715c
      FreePool[82] = class com.ibm.ejs.j2c.FreePool@e6743ed8
      FreePool[83] = class com.ibm.ejs.j2c.FreePool@2ce5ca6f
      FreePool[84] = class com.ibm.ejs.j2c.FreePool@1822b890
      FreePool[85] = class com.ibm.ejs.j2c.FreePool@28e95fae
      FreePool[86] = class com.ibm.ejs.j2c.FreePool@77d15627
      FreePool[87] = class com.ibm.ejs.j2c.FreePool@473b2c0d
      FreePool[88] = class com.ibm.ejs.j2c.FreePool@be44ce22
      FreePool[89] = class com.ibm.ejs.j2c.FreePool@b14d7852
      FreePool[90] = class com.ibm.ejs.j2c.FreePool@fbe9db52
      FreePool[91] = class com.ibm.ejs.j2c.FreePool@a6bb0676
      FreePool[92] = class com.ibm.ejs.j2c.FreePool@89ff001e
      FreePool[93] = class com.ibm.ejs.j2c.FreePool@4e75b4c3
      FreePool[94] = class com.ibm.ejs.j2c.FreePool@8e0ee29
      FreePool[95] = class com.ibm.ejs.j2c.FreePool@e2ba874c
      FreePool[96] = class com.ibm.ejs.j2c.FreePool@cf432901
      FreePool[97] = class com.ibm.ejs.j2c.FreePool@f5f5cf2a
      FreePool[98] = class com.ibm.ejs.j2c.FreePool@3931d90e
      FreePool[99] = class com.ibm.ejs.j2c.FreePool@46d94f53
    mcWrapperWaiterList = class com.ibm.ejs.j2c.MCWrapperList@3fb55e9b
      serialVersionUID = -4093886924342827512
      serialVersionUID = "/* Could not access serialVersionUID */"
      DEFAULT_CAPACITY = "/* Could not access DEFAULT_CAPACITY */"
      EMPTY_ELEMENTDATA = "/* Could not access EMPTY_ELEMENTDATA */"
      DEFAULTCAPACITY_EMPTY_ELEMENTDATA = "/* Could not access DEFAULTCAPACITY_EMPTY_ELEMENTDATA */"
      elementData = "/* Could not access elementData */"
      size = "/* Could not access size */"
      MAX_ARRAY_SIZE = "/* Could not access MAX_ARRAY_SIZE */"
      modCount = "/* Could not access modCount */"
      MAX_ARRAY_SIZE = "/* Could not access MAX_ARRAY_SIZE */"
    mcToMCWMap = class java.util.HashMap@f68c98ed
      serialVersionUID = "/* Could not access serialVersionUID */"
      DEFAULT_INITIAL_CAPACITY = "/* Could not access DEFAULT_INITIAL_CAPACITY */"
      MAXIMUM_CAPACITY = "/* Could not access MAXIMUM_CAPACITY */"
      DEFAULT_LOAD_FACTOR = "/* Could not access DEFAULT_LOAD_FACTOR */"
      TREEIFY_THRESHOLD = "/* Could not access TREEIFY_THRESHOLD */"
      UNTREEIFY_THRESHOLD = "/* Could not access UNTREEIFY_THRESHOLD */"
      MIN_TREEIFY_CAPACITY = "/* Could not access MIN_TREEIFY_CAPACITY */"
      table = "/* Could not access table */"
      entrySet = "/* Could not access entrySet */"
      size = "/* Could not access size */"
      modCount = "/* Could not access modCount */"
      threshold = "/* Could not access threshold */"
      loadFactor = "/* Could not access loadFactor */"
      keySet = "/* Could not access keySet */"
      values = "/* Could not access values */"
    rwl = class java.util.concurrent.locks.ReentrantReadWriteLock@9c259d4d
      serialVersionUID = "/* Could not access serialVersionUID */"
      readerLock = "/* Could not access readerLock */"
      writerLock = "/* Could not access writerLock */"
      sync = "/* Could not access sync */"
    mcToMCWMapRead = class java.util.concurrent.locks.ReentrantReadWriteLock$ReadLock@613e6326
      serialVersionUID = "/* Could not access serialVersionUID */"
      sync = "/* Could not access sync */"
    mcToMCWMapWrite = class java.util.concurrent.locks.ReentrantReadWriteLock$WriteLock@73086076
      serialVersionUID = "/* Could not access serialVersionUID */"
      sync = "/* Could not access sync */"
    raClassLoader = null
    pmCounterLock = 0
    destroyMCWrapperListLock = 0
    totalConnectionCount = class java.util.concurrent.atomic.AtomicInteger@6749d4ad
      serialVersionUID = "/* Could not access serialVersionUID */"
      U = "/* Could not access U */"
      VALUE = "/* Could not access VALUE */"
      value = "/* Could not access value */"
      serialVersionUID = "/* Could not access serialVersionUID */"
    poolManagerBalancePoolLock = 0
    waiterFreePoolLock = 0
    waiterCount = 0
    allowConnectionRequests = true
    connectionPoolShutDown = false
    poolManagerTestConnectionLock = 0
    collectorCount = 0
    mcWrappersToDestroy = class java.util.ArrayList@670d4d9
      serialVersionUID = "/* Could not access serialVersionUID */"
      DEFAULT_CAPACITY = "/* Could not access DEFAULT_CAPACITY */"
      EMPTY_ELEMENTDATA = "/* Could not access EMPTY_ELEMENTDATA */"
      DEFAULTCAPACITY_EMPTY_ELEMENTDATA = "/* Could not access DEFAULTCAPACITY_EMPTY_ELEMENTDATA */"
      elementData = "/* Could not access elementData */"
      size = "/* Could not access size */"
      MAX_ARRAY_SIZE = "/* Could not access MAX_ARRAY_SIZE */"
      modCount = "/* Could not access modCount */"
      MAX_ARRAY_SIZE = "/* Could not access MAX_ARRAY_SIZE */"
    mcWrapperDoesExistInFreePool = true
    synchronizedAllReady = false
    dontNotifyWaiter = true
    dontDecrementTotalCounter = false
    unusedTimeoutEnabled = false
    connectionTimeout = 30
    maxConnections = 50
    minConnections = 0
    purgePolicy = class com.ibm.ws.jca.adapter.PurgePolicy@8b99476a
      EntirePool = class com.ibm.ws.jca.adapter.PurgePolicy@8b99476a
      FailingConnectionOnly = class com.ibm.ws.jca.adapter.PurgePolicy@f2ea047e
      ValidateAllConnections = class com.ibm.ws.jca.adapter.PurgePolicy@daebca62
      $VALUES = class com.ibm.ws.jca.adapter.PurgePolicy[3]
      name = "/* Could not access name */"
      ordinal = "/* Could not access ordinal */"
    reapTime = 180
    unusedTimeout = 1800
    agedTimeout = -1
    agedTimeoutMillis = -1000
    holdTimeLimit = 10
    maxSharedBuckets = 200
    maxFreePoolHashSize = 100
    maxNumberOfMCsAllowableInThread = 0
    throwExceptionOnMCThreadCheck = false
    waitersStartedTime = 0
    waitersEndedTime = 0
    parkedMCWrapper = null
    createParkedConnection = false
    parkedConnectionLockObject = 0
    totalPoolConnectionRequests = 0
    am = null
    amLockObject = 0
    pmQuiesced = false
    activeRequest = class java.util.concurrent.atomic.AtomicInteger@b492a77d
      serialVersionUID = "/* Could not access serialVersionUID */"
      U = "/* Could not access U */"
      VALUE = "/* Could not access VALUE */"
      value = "/* Could not access value */"
      serialVersionUID = "/* Could not access serialVersionUID */"
    updateToPoolInProgressLockObject = 0
    updateToPoolInProgress = false
    updateToPoolInProgressSleepTime = 250
    activeTLSRequest = class java.util.concurrent.atomic.AtomicInteger@29d74b8c
      serialVersionUID = "/* Could not access serialVersionUID */"
      U = "/* Could not access U */"
      VALUE = "/* Could not access VALUE */"
      value = "/* Could not access value */"
      serialVersionUID = "/* Could not access serialVersionUID */"
    updateToTLSPoolInProgressLockObject = 0
    updateToTLSPoolInProgress = class java.util.concurrent.atomic.AtomicBoolean@ec83cf07
      serialVersionUID = "/* Could not access serialVersionUID */"
      VALUE = "/* Could not access VALUE */"
      value = "/* Could not access value */"
    updateToTLSPoolInProgressSleepTime = 250
    writer = null
    traceWriter = null
    printWriter = null
    tscdList = class java.util.Vector@12e9279f
      elementData = "/* Could not access elementData */"
      elementCount = "/* Could not access elementCount */"
      capacityIncrement = "/* Could not access capacityIncrement */"
      serialVersionUID = "/* Could not access serialVersionUID */"
      MAX_ARRAY_SIZE = "/* Could not access MAX_ARRAY_SIZE */"
      modCount = "/* Could not access modCount */"
      MAX_ARRAY_SIZE = "/* Could not access MAX_ARRAY_SIZE */"
    logSerialReuseMessage = true
    _quiesce = false
    _quiesceTime = null
    nonDeferredReaperAlarm = false
    claimedVictimPercent = 0.0
    enableInuseConnectionDestroy = true
    localConnection_ = null
    maxCapacity = 0
    isThreadLocalConnectionEnabled = false
    getConnectionMap = class java.util.concurrent.ConcurrentHashMap@dd97d9be
      serialVersionUID = "/* Could not access serialVersionUID */"
      MAXIMUM_CAPACITY = "/* Could not access MAXIMUM_CAPACITY */"
      DEFAULT_CAPACITY = "/* Could not access DEFAULT_CAPACITY */"
      MAX_ARRAY_SIZE = "/* Could not access MAX_ARRAY_SIZE */"
      DEFAULT_CONCURRENCY_LEVEL = "/* Could not access DEFAULT_CONCURRENCY_LEVEL */"
      LOAD_FACTOR = "/* Could not access LOAD_FACTOR */"
      TREEIFY_THRESHOLD = "/* Could not access TREEIFY_THRESHOLD */"
      UNTREEIFY_THRESHOLD = "/* Could not access UNTREEIFY_THRESHOLD */"
      MIN_TREEIFY_CAPACITY = "/* Could not access MIN_TREEIFY_CAPACITY */"
      MIN_TRANSFER_STRIDE = "/* Could not access MIN_TRANSFER_STRIDE */"
      RESIZE_STAMP_BITS = "/* Could not access RESIZE_STAMP_BITS */"
      MAX_RESIZERS = "/* Could not access MAX_RESIZERS */"
      RESIZE_STAMP_SHIFT = "/* Could not access RESIZE_STAMP_SHIFT */"
      MOVED = "/* Could not access MOVED */"
      TREEBIN = "/* Could not access TREEBIN */"
      RESERVED = "/* Could not access RESERVED */"
      HASH_BITS = "/* Could not access HASH_BITS */"
      NCPU = "/* Could not access NCPU */"
      serialPersistentFields = "/* Could not access serialPersistentFields */"
      table = "/* Could not access table */"
      nextTable = "/* Could not access nextTable */"
      baseCount = "/* Could not access baseCount */"
      sizeCtl = "/* Could not access sizeCtl */"
      transferIndex = "/* Could not access transferIndex */"
      cellsBusy = "/* Could not access cellsBusy */"
      counterCells = "/* Could not access counterCells */"
      keySet = "/* Could not access keySet */"
      values = "/* Could not access values */"
      entrySet = "/* Could not access entrySet */"
      U = "/* Could not access U */"
      SIZECTL = "/* Could not access SIZECTL */"
      TRANSFERINDEX = "/* Could not access TRANSFERINDEX */"
      BASECOUNT = "/* Could not access BASECOUNT */"
      CELLSBUSY = "/* Could not access CELLSBUSY */"
      CELLVALUE = "/* Could not access CELLVALUE */"
      ABASE = "/* Could not access ABASE */"
      ASHIFT = "/* Could not access ASHIFT */"
      keySet = "/* Could not access keySet */"
      values = "/* Could not access values */"
    alarmThreadCounter = class java.util.concurrent.atomic.AtomicInteger@3761a1ad
      serialVersionUID = "/* Could not access serialVersionUID */"
      U = "/* Could not access U */"
      VALUE = "/* Could not access VALUE */"
      value = "/* Could not access value */"
      serialVersionUID = "/* Could not access serialVersionUID */"
  numberOfConnectionsInFreePool = 0
  numberOfConnectionsAssignedToThisFreePool = 0
  raClassLoader = null
  fatalErrorNotificationTime = 0
  _mcWrapperDoesNotExistInFreePool = false
  _synchronizeInMethod = true
  _notifyWaiter = false
  _decrementTotalCounter = true
  fop_gets = 0
  fnop_gets = 0
  freePoolQueuedRequests = 0
  freePoolCreateManagedConnection = 0
  numberOfClaimedVictims = 0
  numberOfClaimedVictims_CRI_Only_Mismatch = 0
  numberOfClaimedVictims_Subject_Only_Mismatch = 0
  numberOfClaimedVictims_CRI_Subject_Mismatch = 0
  numberOfClaimedVictims_MM_Only_Mismatch = 0
  fop_get_notfound = 0
  fnop_get_notfound = 0
  gConfigProps = class com.ibm.ejs.j2c.J2CGlobalConfigProperties@a670241e
    tc = class com.ibm.websphere.ras.TraceComponent@5c5af1ed
      strings[0] = "TraceComponent[com.ibm.ejs.j2c.J2CGlobalConfigProperties,class com.ibm.ejs.j2c.J2CGlobalConfigProperties,[WAS.j2c],com.ibm.ws.j2c.resources.J2CAMessages,null]"
    serialVersionUID = 3666445884103132373
    jndiName = null
    XpathId = "dataSource[DefaultDataSource]/connectionManager"
    cfName = "dataSource[DefaultDataSource]"
    logMissingTranContext = false
    validatingMCFSupported = true
    sendClaimedVictomToGetConnection = false
    raSupportsReauthentication = false
    transactionResourceRegistration = null
    checkManagedConnectionInstanceof = true
    checkManagedConnectionInstanceofLock = 0
    checkManagedConnectionInstanceofInitialized = false
    embeddedRa = false
    embeddedRaInitialized = false
    connectionSynchronizationProvider = false
    connectionSynchronizationProviderInitialized = false
    connectionPoolingEnabled = true
    connectionPoolingEnabledInitialized = false
    instanceOfDissociatableManagedConnection = false
    instanceOfDissociatableManagedConnectionInitialized = false
    commitPriority = 0
    transactionSupport = class javax.resource.spi.TransactionSupport$TransactionSupportLevel@1297ce7d
      NoTransaction = class javax.resource.spi.TransactionSupport$TransactionSupportLevel@d594a44c
      LocalTransaction = class javax.resource.spi.TransactionSupport$TransactionSupportLevel@117c4981
      XATransaction = class javax.resource.spi.TransactionSupport$TransactionSupportLevel@1297ce7d
      $VALUES = class javax.resource.spi.TransactionSupport$TransactionSupportLevel[3]
      name = "/* Could not access name */"
      ordinal = "/* Could not access ordinal */"
    dynamicEnlistmentSupported = false
    smartHandleSupport = false
    cciLocalTranSupported = true
    connectionTimeout = 30
    maxConnections = 50
    minConnections = 0
    purgePolicy = class com.ibm.ws.jca.adapter.PurgePolicy@8b99476a
    reapTime = 180
    unusedTimeout = 1800
    agedTimeout = -1
    agedTimeoutMillis = -1000
    stopPoolRequests = false
    maxSharedBuckets = 200
    maxFreePoolHashSize = 100
    holdTimeLimit = 10
    numConnectionsPerThreadLocal = 0
    orphanConnHoldTimeLimitSeconds = 10
    changeSupport = class java.beans.PropertyChangeSupport@6f5a8e51
      map = "/* Could not access map */"
      source = "/* Could not access source */"
      serialPersistentFields = "/* Could not access serialPersistentFields */"
      serialVersionUID = "/* Could not access serialVersionUID */"
    vChangeSupport = class java.beans.VetoableChangeSupport@eed064e2
      map = "/* Could not access map */"
      source = "/* Could not access source */"
      serialPersistentFields = "/* Could not access serialPersistentFields */"
      serialVersionUID = "/* Could not access serialVersionUID */"
    raMetaDataProps = null
    dsMetaDataProps = null
    callResourceAdapterStatMethods = false
    numberOfInuseConnections = 0
    numberOfInuseConnectionsLockObject = 0
    numberOfFreeConnections = 0
    numberOfFreeConnectionsLockObject = 0
    maxNumberOfMCsAllowableInThread = 0
    throwExceptionOnMCThreadCheck = false
    appName = null
    modName = null
    compName = null

